Arguments: 
  /usr/local/Cellar/node/9.10.0_1/bin/node /usr/local/Cellar/yarn/1.3.2/libexec/bin/yarn.js start

PATH: 
  /usr/local/bin:/usr/local/sbin:/usr/local/share/npm/bin:/Users/rafalborynski/.rbenv/bin:/usr/local/bin:/usr/bin:/bin:/usr/sbin:/sbin

Yarn version: 
  1.3.2

Node version: 
  9.10.0

Platform: 
  darwin x64

npm manifest: 
  {
    "dependencies": {
      "body-parser": "^1.18.2",
      "cors": "^2.8.4",
      "package": "^1.0.1",
      "pg-promise": "^8.4.0",
      "react": "^16.3.2",
      "routes": "^2.1.0"
    "proxy": "http://localhost:3001"
    }
  }

yarn manifest: 
  No manifest

Lockfile: 
  # THIS IS AN AUTOGENERATED FILE. DO NOT EDIT THIS FILE DIRECTLY.
  # yarn lockfile v1
  
  
  asap@~2.0.3:
    version "2.0.6"
    resolved "https://registry.yarnpkg.com/asap/-/asap-2.0.6.tgz#e50347611d7e690943208bbdafebcbc2fb866d46"
  
  body-parser@^1.18.2:
    version "1.18.2"
    resolved "https://registry.yarnpkg.com/body-parser/-/body-parser-1.18.2.tgz#87678a19d84b47d859b83199bd59bce222b10454"
    dependencies:
      bytes "3.0.0"
      content-type "~1.0.4"
      debug "2.6.9"
      depd "~1.1.1"
      http-errors "~1.6.2"
      iconv-lite "0.4.19"
      on-finished "~2.3.0"
      qs "6.5.1"
      raw-body "2.3.2"
      type-is "~1.6.15"
  
  buffer-writer@1.0.1:
    version "1.0.1"
    resolved "https://registry.yarnpkg.com/buffer-writer/-/buffer-writer-1.0.1.tgz#22a936901e3029afcd7547eb4487ceb697a3bf08"
  
  bytes@3.0.0:
    version "3.0.0"
    resolved "https://registry.yarnpkg.com/bytes/-/bytes-3.0.0.tgz#d32815404d689699f85a4ea4fa8755dd13a96048"
  
  content-type@~1.0.4:
    version "1.0.4"
    resolved "https://registry.yarnpkg.com/content-type/-/content-type-1.0.4.tgz#e138cc75e040c727b1966fe5e5f8c9aee256fe3b"
  
  core-js@^1.0.0:
    version "1.2.7"
    resolved "https://registry.yarnpkg.com/core-js/-/core-js-1.2.7.tgz#652294c14651db28fa93bd2d5ff2983a4f08c636"
  
  cors@^2.8.4:
    version "2.8.4"
    resolved "https://registry.yarnpkg.com/cors/-/cors-2.8.4.tgz#2bd381f2eb201020105cd50ea59da63090694686"
    dependencies:
      object-assign "^4"
      vary "^1"
  
  debug@2.6.9:
    version "2.6.9"
    resolved "https://registry.yarnpkg.com/debug/-/debug-2.6.9.tgz#5d128515df134ff327e90a4c93f4e077a536341f"
    dependencies:
      ms "2.0.0"
  
  depd@1.1.1:
    version "1.1.1"
    resolved "https://registry.yarnpkg.com/depd/-/depd-1.1.1.tgz#5783b4e1c459f06fa5ca27f991f3d06e7a310359"
  
  depd@~1.1.1, depd@~1.1.2:
    version "1.1.2"
    resolved "https://registry.yarnpkg.com/depd/-/depd-1.1.2.tgz#9bcd52e14c097763e749b274c4346ed2e560b5a9"
  
  ee-first@1.1.1:
    version "1.1.1"
    resolved "https://registry.yarnpkg.com/ee-first/-/ee-first-1.1.1.tgz#590c61156b0ae2f4f0255732a158b266bc56b21d"
  
  encoding@^0.1.11:
    version "0.1.12"
    resolved "https://registry.yarnpkg.com/encoding/-/encoding-0.1.12.tgz#538b66f3ee62cd1ab51ec323829d1f9480c74beb"
    dependencies:
      iconv-lite "~0.4.13"
  
  fbjs@^0.8.16:
    version "0.8.16"
    resolved "https://registry.yarnpkg.com/fbjs/-/fbjs-0.8.16.tgz#5e67432f550dc41b572bf55847b8aca64e5337db"
    dependencies:
      core-js "^1.0.0"
      isomorphic-fetch "^2.1.1"
      loose-envify "^1.0.0"
      object-assign "^4.1.0"
      promise "^7.1.1"
      setimmediate "^1.0.5"
      ua-parser-js "^0.7.9"
  
  http-errors@1.6.2:
    version "1.6.2"
    resolved "https://registry.yarnpkg.com/http-errors/-/http-errors-1.6.2.tgz#0a002cc85707192a7e7946ceedc11155f60ec736"
    dependencies:
      depd "1.1.1"
      inherits "2.0.3"
      setprototypeof "1.0.3"
      statuses ">= 1.3.1 < 2"
  
  http-errors@~1.6.2:
    version "1.6.3"
    resolved "https://registry.yarnpkg.com/http-errors/-/http-errors-1.6.3.tgz#8b55680bb4be283a0b5bf4ea2e38580be1d9320d"
    dependencies:
      depd "~1.1.2"
      inherits "2.0.3"
      setprototypeof "1.1.0"
      statuses ">= 1.4.0 < 2"
  
  iconv-lite@0.4.19:
    version "0.4.19"
    resolved "https://registry.yarnpkg.com/iconv-lite/-/iconv-lite-0.4.19.tgz#f7468f60135f5e5dad3399c0a81be9a1603a082b"
  
  iconv-lite@~0.4.13:
    version "0.4.21"
    resolved "https://registry.yarnpkg.com/iconv-lite/-/iconv-lite-0.4.21.tgz#c47f8733d02171189ebc4a400f3218d348094798"
    dependencies:
      safer-buffer "^2.1.0"
  
  inherits@2.0.3:
    version "2.0.3"
    resolved "https://registry.yarnpkg.com/inherits/-/inherits-2.0.3.tgz#633c2c83e3da42a502f52466022480f4208261de"
  
  is-stream@^1.0.1:
    version "1.1.0"
    resolved "https://registry.yarnpkg.com/is-stream/-/is-stream-1.1.0.tgz#12d4a3dd4e68e0b79ceb8dbc84173ae80d91ca44"
  
  isomorphic-fetch@^2.1.1:
    version "2.2.1"
    resolved "https://registry.yarnpkg.com/isomorphic-fetch/-/isomorphic-fetch-2.2.1.tgz#611ae1acf14f5e81f729507472819fe9733558a9"
    dependencies:
      node-fetch "^1.0.1"
      whatwg-fetch ">=0.10.0"
  
  js-string-escape@1.0.1:
    version "1.0.1"
    resolved "https://registry.yarnpkg.com/js-string-escape/-/js-string-escape-1.0.1.tgz#e2625badbc0d67c7533e9edc1068c587ae4137ef"
  
  js-tokens@^3.0.0:
    version "3.0.2"
    resolved "https://registry.yarnpkg.com/js-tokens/-/js-tokens-3.0.2.tgz#9866df395102130e38f7f996bceb65443209c25b"
  
  loose-envify@^1.0.0, loose-envify@^1.1.0, loose-envify@^1.3.1:
    version "1.3.1"
    resolved "https://registry.yarnpkg.com/loose-envify/-/loose-envify-1.3.1.tgz#d1a8ad33fa9ce0e713d65fdd0ac8b748d478c848"
    dependencies:
      js-tokens "^3.0.0"
  
  manakin@0.5.1:
    version "0.5.1"
    resolved "https://registry.yarnpkg.com/manakin/-/manakin-0.5.1.tgz#c4a7116f6b00df3d5f1a37ad3ca515d22065a658"
  
  media-typer@0.3.0:
    version "0.3.0"
    resolved "https://registry.yarnpkg.com/media-typer/-/media-typer-0.3.0.tgz#8710d7af0aa626f8fffa1ce00168545263255748"
  
  mime-db@~1.33.0:
    version "1.33.0"
    resolved "https://registry.yarnpkg.com/mime-db/-/mime-db-1.33.0.tgz#a3492050a5cb9b63450541e39d9788d2272783db"
  
  mime-types@~2.1.18:
    version "2.1.18"
    resolved "https://registry.yarnpkg.com/mime-types/-/mime-types-2.1.18.tgz#6f323f60a83d11146f831ff11fd66e2fe5503bb8"
    dependencies:
      mime-db "~1.33.0"
  
  ms@2.0.0:
    version "2.0.0"
    resolved "https://registry.yarnpkg.com/ms/-/ms-2.0.0.tgz#5608aeadfc00be6c2901df5f9861788de0d597c8"
  
  node-fetch@^1.0.1:
    version "1.7.3"
    resolved "https://registry.yarnpkg.com/node-fetch/-/node-fetch-1.7.3.tgz#980f6f72d85211a5347c6b2bc18c5b84c3eb47ef"
    dependencies:
      encoding "^0.1.11"
      is-stream "^1.0.1"
  
  object-assign@^4, object-assign@^4.1.0, object-assign@^4.1.1:
    version "4.1.1"
    resolved "https://registry.yarnpkg.com/object-assign/-/object-assign-4.1.1.tgz#2109adc7965887cfc05cbbd442cac8bfbb360863"
  
  on-finished@~2.3.0:
    version "2.3.0"
    resolved "https://registry.yarnpkg.com/on-finished/-/on-finished-2.3.0.tgz#20f1336481b083cd75337992a16971aa2d906947"
    dependencies:
      ee-first "1.1.1"
  
  package@^1.0.1:
    version "1.0.1"
    resolved "https://registry.yarnpkg.com/package/-/package-1.0.1.tgz#d25a1f99e2506dcb27d6704b83dca8a312e4edcc"
  
  packet-reader@0.3.1:
    version "0.3.1"
    resolved "https://registry.yarnpkg.com/packet-reader/-/packet-reader-0.3.1.tgz#cd62e60af8d7fea8a705ec4ff990871c46871f27"
  
  pg-connection-string@0.1.3:
    version "0.1.3"
    resolved "https://registry.yarnpkg.com/pg-connection-string/-/pg-connection-string-0.1.3.tgz#da1847b20940e42ee1492beaf65d49d91b245df7"
  
  pg-minify@0.5.4:
    version "0.5.4"
    resolved "https://registry.yarnpkg.com/pg-minify/-/pg-minify-0.5.4.tgz#89d5261cacfd44dd7927fa052222a404e9b2a3c9"
  
  pg-pool@~2.0.3:
    version "2.0.3"
    resolved "https://registry.yarnpkg.com/pg-pool/-/pg-pool-2.0.3.tgz#c022032c8949f312a4f91fb6409ce04076be3257"
  
  pg-promise@^8.4.0:
    version "8.4.0"
    resolved "https://registry.yarnpkg.com/pg-promise/-/pg-promise-8.4.0.tgz#8efde596c39c53c958e27f9aafd85d7f87249f65"
    dependencies:
      manakin "0.5.1"
      pg "7.4.1"
      pg-minify "0.5.4"
      spex "2.0.2"
  
  pg-types@~1.12.1:
    version "1.12.1"
    resolved "https://registry.yarnpkg.com/pg-types/-/pg-types-1.12.1.tgz#d64087e3903b58ffaad279e7595c52208a14c3d2"
    dependencies:
      postgres-array "~1.0.0"
      postgres-bytea "~1.0.0"
      postgres-date "~1.0.0"
      postgres-interval "^1.1.0"
  
  pg@7.4.1:
    version "7.4.1"
    resolved "https://registry.yarnpkg.com/pg/-/pg-7.4.1.tgz#f3411c8ddf9f692322fe05e7017a1888e47f78f1"
    dependencies:
      buffer-writer "1.0.1"
      js-string-escape "1.0.1"
      packet-reader "0.3.1"
      pg-connection-string "0.1.3"
      pg-pool "~2.0.3"
      pg-types "~1.12.1"
      pgpass "1.x"
      semver "4.3.2"
  
  pgpass@1.x:
    version "1.0.2"
    resolved "https://registry.yarnpkg.com/pgpass/-/pgpass-1.0.2.tgz#2a7bb41b6065b67907e91da1b07c1847c877b306"
    dependencies:
      split "^1.0.0"
  
  postgres-array@~1.0.0:
    version "1.0.2"
    resolved "https://registry.yarnpkg.com/postgres-array/-/postgres-array-1.0.2.tgz#8e0b32eb03bf77a5c0a7851e0441c169a256a238"
  
  postgres-bytea@~1.0.0:
    version "1.0.0"
    resolved "https://registry.yarnpkg.com/postgres-bytea/-/postgres-bytea-1.0.0.tgz#027b533c0aa890e26d172d47cf9ccecc521acd35"
  
  postgres-date@~1.0.0:
    version "1.0.3"
    resolved "https://registry.yarnpkg.com/postgres-date/-/postgres-date-1.0.3.tgz#e2d89702efdb258ff9d9cee0fe91bd06975257a8"
  
  postgres-interval@^1.1.0:
    version "1.1.1"
    resolved "https://registry.yarnpkg.com/postgres-interval/-/postgres-interval-1.1.1.tgz#acdb0f897b4b1c6e496d9d4e0a853e1c428f06f0"
    dependencies:
      xtend "^4.0.0"
  
  promise@^7.1.1:
    version "7.3.1"
    resolved "https://registry.yarnpkg.com/promise/-/promise-7.3.1.tgz#064b72602b18f90f29192b8b1bc418ffd1ebd3bf"
    dependencies:
      asap "~2.0.3"
  
  prop-types@^15.6.0:
    version "15.6.1"
    resolved "https://registry.yarnpkg.com/prop-types/-/prop-types-15.6.1.tgz#36644453564255ddda391191fb3a125cbdf654ca"
    dependencies:
      fbjs "^0.8.16"
      loose-envify "^1.3.1"
      object-assign "^4.1.1"
  
  qs@6.5.1:
    version "6.5.1"
    resolved "https://registry.yarnpkg.com/qs/-/qs-6.5.1.tgz#349cdf6eef89ec45c12d7d5eb3fc0c870343a6d8"
  
  raw-body@2.3.2:
    version "2.3.2"
    resolved "https://registry.yarnpkg.com/raw-body/-/raw-body-2.3.2.tgz#bcd60c77d3eb93cde0050295c3f379389bc88f89"
    dependencies:
      bytes "3.0.0"
      http-errors "1.6.2"
      iconv-lite "0.4.19"
      unpipe "1.0.0"
  
  react@^16.3.2:
    version "16.3.2"
    resolved "https://registry.yarnpkg.com/react/-/react-16.3.2.tgz#fdc8420398533a1e58872f59091b272ce2f91ea9"
    dependencies:
      fbjs "^0.8.16"
      loose-envify "^1.1.0"
      object-assign "^4.1.1"
      prop-types "^15.6.0"
  
  routes@^2.1.0:
    version "2.1.0"
    resolved "https://registry.yarnpkg.com/routes/-/routes-2.1.0.tgz#475571192a48f99b6c065dd926bb75e8ae83e8a2"
  
  safer-buffer@^2.1.0:
    version "2.1.2"
    resolved "https://registry.yarnpkg.com/safer-buffer/-/safer-buffer-2.1.2.tgz#44fa161b0187b9549dd84bb91802f9bd8385cd6a"
  
  semver@4.3.2:
    version "4.3.2"
    resolved "https://registry.yarnpkg.com/semver/-/semver-4.3.2.tgz#c7a07158a80bedd052355b770d82d6640f803be7"
  
  setimmediate@^1.0.5:
    version "1.0.5"
    resolved "https://registry.yarnpkg.com/setimmediate/-/setimmediate-1.0.5.tgz#290cbb232e306942d7d7ea9b83732ab7856f8285"
  
  setprototypeof@1.0.3:
    version "1.0.3"
    resolved "https://registry.yarnpkg.com/setprototypeof/-/setprototypeof-1.0.3.tgz#66567e37043eeb4f04d91bd658c0cbefb55b8e04"
  
  setprototypeof@1.1.0:
    version "1.1.0"
    resolved "https://registry.yarnpkg.com/setprototypeof/-/setprototypeof-1.1.0.tgz#d0bd85536887b6fe7c0d818cb962d9d91c54e656"
  
  spex@2.0.2:
    version "2.0.2"
    resolved "https://registry.yarnpkg.com/spex/-/spex-2.0.2.tgz#e8c8d633a4c67af642dded701ec2350c9de964a0"
  
  split@^1.0.0:
    version "1.0.1"
    resolved "https://registry.yarnpkg.com/split/-/split-1.0.1.tgz#605bd9be303aa59fb35f9229fbea0ddec9ea07d9"
    dependencies:
      through "2"
  
  "statuses@>= 1.3.1 < 2", "statuses@>= 1.4.0 < 2":
    version "1.5.0"
    resolved "https://registry.yarnpkg.com/statuses/-/statuses-1.5.0.tgz#161c7dac177659fd9811f43771fa99381478628c"
  
  through@2:
    version "2.3.8"
    resolved "https://registry.yarnpkg.com/through/-/through-2.3.8.tgz#0dd4c9ffaabc357960b1b724115d7e0e86a2e1f5"
  
  type-is@~1.6.15:
    version "1.6.16"
    resolved "https://registry.yarnpkg.com/type-is/-/type-is-1.6.16.tgz#f89ce341541c672b25ee7ae3c73dee3b2be50194"
    dependencies:
      media-typer "0.3.0"
      mime-types "~2.1.18"
  
  ua-parser-js@^0.7.9:
    version "0.7.17"
    resolved "https://registry.yarnpkg.com/ua-parser-js/-/ua-parser-js-0.7.17.tgz#e9ec5f9498b9ec910e7ae3ac626a805c4d09ecac"
  
  unpipe@1.0.0:
    version "1.0.0"
    resolved "https://registry.yarnpkg.com/unpipe/-/unpipe-1.0.0.tgz#b2bf4ee8514aae6165b4817829d21b2ef49904ec"
  
  vary@^1:
    version "1.1.2"
    resolved "https://registry.yarnpkg.com/vary/-/vary-1.1.2.tgz#2299f02c6ded30d4a5961b0b9f74524a18f634fc"
  
  whatwg-fetch@>=0.10.0:
    version "2.0.4"
    resolved "https://registry.yarnpkg.com/whatwg-fetch/-/whatwg-fetch-2.0.4.tgz#dde6a5df315f9d39991aa17621853d720b85566f"
  
  xtend@^4.0.0:
    version "4.0.1"
    resolved "https://registry.yarnpkg.com/xtend/-/xtend-4.0.1.tgz#a5c6d532be656e23db820efb943a1f04998d63af"

Trace: 
  SyntaxError: /Users/rafalborynski/wdi/unit04/projects/project4/package.json: Unexpected string in JSON at position 176
      at JSON.parse (<anonymous>)
      at /usr/local/Cellar/yarn/1.3.2/libexec/lib/cli.js:770:59
      at Generator.next (<anonymous>)
      at step (/usr/local/Cellar/yarn/1.3.2/libexec/lib/cli.js:92:30)
      at /usr/local/Cellar/yarn/1.3.2/libexec/lib/cli.js:103:13
      at <anonymous>
