  [1m[35m (512.1ms)[0m  [1m[35mCREATE DATABASE "stories_rails_api_development" ENCODING = 'unicode'[0m
  ↳ bin/rails:4
  [1m[35m (527.0ms)[0m  [1m[35mCREATE DATABASE "stories_rails_api_test" ENCODING = 'unicode'[0m
  ↳ bin/rails:4
  [1m[35m (238.4ms)[0m  [1m[35mDROP DATABASE IF EXISTS "stories_rails_api_development"[0m
  ↳ bin/rails:4
  [1m[35m (231.3ms)[0m  [1m[35mDROP DATABASE IF EXISTS "stories_rails_api_test"[0m
  ↳ bin/rails:4
  [1m[35m (536.7ms)[0m  [1m[35mCREATE DATABASE "stories_rails_api_development" ENCODING = 'unicode'[0m
  ↳ bin/rails:4
  [1m[35m (518.3ms)[0m  [1m[35mCREATE DATABASE "stories_rails_api_test" ENCODING = 'unicode'[0m
  ↳ bin/rails:4
  [1m[35m (225.1ms)[0m  [1m[35mDROP DATABASE IF EXISTS "stories_rails_api_development"[0m
  ↳ bin/rails:4
  [1m[35m (221.7ms)[0m  [1m[35mDROP DATABASE IF EXISTS "stories_rails_api_test"[0m
  ↳ bin/rails:4
  [1m[35m (528.8ms)[0m  [1m[35mCREATE DATABASE "stories_rails_api_development" ENCODING = 'unicode'[0m
  ↳ bin/rails:4
  [1m[35m (534.2ms)[0m  [1m[35mCREATE DATABASE "stories_rails_api_test" ENCODING = 'unicode'[0m
  ↳ bin/rails:4
  [1m[35m (19.3ms)[0m  [1m[35mCREATE TABLE "schema_migrations" ("version" character varying NOT NULL PRIMARY KEY)[0m
  ↳ bin/rails:4
  [1m[35m (20.6ms)[0m  [1m[35mCREATE TABLE "ar_internal_metadata" ("key" character varying NOT NULL PRIMARY KEY, "value" character varying, "created_at" timestamp NOT NULL, "updated_at" timestamp NOT NULL)[0m
  ↳ bin/rails:4
  [1m[35m (0.4ms)[0m  [1m[34mSELECT pg_try_advisory_lock(4885374938465026635)[0m
  ↳ bin/rails:4
  [1m[35m (1.0ms)[0m  [1m[34mSELECT "schema_migrations"."version" FROM "schema_migrations" ORDER BY "schema_migrations"."version" ASC[0m
  ↳ bin/rails:4
Migrating to CreateSadStoryQuotes (20180501214903)
  [1m[35m (0.2ms)[0m  [1m[35mBEGIN[0m
  ↳ bin/rails:4
  [1m[35m (27.0ms)[0m  [1m[35mCREATE TABLE "sad_story_quotes" ("id" bigserial primary key, "char" character varying, "quote" character varying, "order" integer, "created_at" timestamp NOT NULL, "updated_at" timestamp NOT NULL)[0m
  ↳ db/migrate/20180501214903_create_sad_story_quotes.rb:3
  [1m[36mActiveRecord::SchemaMigration Create (0.6ms)[0m  [1m[32mINSERT INTO "schema_migrations" ("version") VALUES ($1) RETURNING "version"[0m  [["version", "20180501214903"]]
  ↳ bin/rails:4
  [1m[35m (1.3ms)[0m  [1m[35mCOMMIT[0m
  ↳ bin/rails:4
  [1m[36mActiveRecord::InternalMetadata Load (0.4ms)[0m  [1m[34mSELECT  "ar_internal_metadata".* FROM "ar_internal_metadata" WHERE "ar_internal_metadata"."key" = $1 LIMIT $2[0m  [["key", "environment"], ["LIMIT", 1]]
  ↳ bin/rails:4
  [1m[35m (0.2ms)[0m  [1m[35mBEGIN[0m
  ↳ bin/rails:4
  [1m[36mActiveRecord::InternalMetadata Create (0.6ms)[0m  [1m[32mINSERT INTO "ar_internal_metadata" ("key", "value", "created_at", "updated_at") VALUES ($1, $2, $3, $4) RETURNING "key"[0m  [["key", "environment"], ["value", "development"], ["created_at", "2018-05-01 21:55:22.274615"], ["updated_at", "2018-05-01 21:55:22.274615"]]
  ↳ bin/rails:4
  [1m[35m (5.8ms)[0m  [1m[35mCOMMIT[0m
  ↳ bin/rails:4
  [1m[35m (0.3ms)[0m  [1m[34mSELECT pg_advisory_unlock(4885374938465026635)[0m
  ↳ bin/rails:4
  [1m[35m (0.3ms)[0m  [1m[34mSELECT "schema_migrations"."version" FROM "schema_migrations" ORDER BY "schema_migrations"."version" ASC[0m
  ↳ bin/rails:4
  [1m[35m (0.7ms)[0m  [1m[34mSELECT "schema_migrations"."version" FROM "schema_migrations" ORDER BY "schema_migrations"."version" ASC[0m
  ↳ bin/rails:4
  [1m[35m (0.4ms)[0m  [1m[34mSELECT "ar_internal_metadata"."value" FROM "ar_internal_metadata" WHERE "ar_internal_metadata"."key" = $1[0m  [["key", "environment"]]
  ↳ bin/rails:4
  [1m[35m (0.3ms)[0m  [1m[34mSELECT "schema_migrations"."version" FROM "schema_migrations" ORDER BY "schema_migrations"."version" ASC[0m
  ↳ bin/rails:4
  [1m[35m (0.2ms)[0m  [1m[34mSELECT "ar_internal_metadata"."value" FROM "ar_internal_metadata" WHERE "ar_internal_metadata"."key" = $1[0m  [["key", "environment"]]
  ↳ bin/rails:4
  [1m[35m (0.3ms)[0m  [1m[34mSELECT "schema_migrations"."version" FROM "schema_migrations" ORDER BY "schema_migrations"."version" ASC[0m
  ↳ bin/rails:4
  [1m[35m (0.2ms)[0m  [1m[34mSELECT "ar_internal_metadata"."value" FROM "ar_internal_metadata" WHERE "ar_internal_metadata"."key" = $1[0m  [["key", "environment"]]
  ↳ bin/rails:4
  [1m[35m (208.7ms)[0m  [1m[35mDROP DATABASE IF EXISTS "stories_rails_api_development"[0m
  ↳ bin/rails:4
  [1m[35m (234.0ms)[0m  [1m[35mDROP DATABASE IF EXISTS "stories_rails_api_test"[0m
  ↳ bin/rails:4
  [1m[35m (546.0ms)[0m  [1m[35mCREATE DATABASE "stories_rails_api_development" ENCODING = 'unicode'[0m
  ↳ bin/rails:4
  [1m[35m (534.1ms)[0m  [1m[35mCREATE DATABASE "stories_rails_api_test" ENCODING = 'unicode'[0m
  ↳ bin/rails:4
  [1m[35m (8.4ms)[0m  [1m[35mCREATE TABLE "schema_migrations" ("version" character varying NOT NULL PRIMARY KEY)[0m
  ↳ bin/rails:4
  [1m[35m (6.5ms)[0m  [1m[35mCREATE TABLE "ar_internal_metadata" ("key" character varying NOT NULL PRIMARY KEY, "value" character varying, "created_at" timestamp NOT NULL, "updated_at" timestamp NOT NULL)[0m
  ↳ bin/rails:4
  [1m[35m (0.2ms)[0m  [1m[34mSELECT pg_try_advisory_lock(4885374938465026635)[0m
  ↳ bin/rails:4
  [1m[35m (0.5ms)[0m  [1m[34mSELECT "schema_migrations"."version" FROM "schema_migrations" ORDER BY "schema_migrations"."version" ASC[0m
  ↳ bin/rails:4
Migrating to CreateSadStoryQuotes (20180501214903)
  [1m[35m (0.2ms)[0m  [1m[35mBEGIN[0m
  ↳ bin/rails:4
  [1m[35m (15.2ms)[0m  [1m[35mCREATE TABLE "sad_story_quotes" ("id" bigserial primary key, "char" character varying, "quote" character varying, "storyname" character varying, "created_at" timestamp NOT NULL, "updated_at" timestamp NOT NULL)[0m
  ↳ db/migrate/20180501214903_create_sad_story_quotes.rb:3
  [1m[36mActiveRecord::SchemaMigration Create (0.9ms)[0m  [1m[32mINSERT INTO "schema_migrations" ("version") VALUES ($1) RETURNING "version"[0m  [["version", "20180501214903"]]
  ↳ bin/rails:4
  [1m[35m (1.4ms)[0m  [1m[35mCOMMIT[0m
  ↳ bin/rails:4
  [1m[36mActiveRecord::InternalMetadata Load (0.4ms)[0m  [1m[34mSELECT  "ar_internal_metadata".* FROM "ar_internal_metadata" WHERE "ar_internal_metadata"."key" = $1 LIMIT $2[0m  [["key", "environment"], ["LIMIT", 1]]
  ↳ bin/rails:4
  [1m[35m (0.2ms)[0m  [1m[35mBEGIN[0m
  ↳ bin/rails:4
  [1m[36mActiveRecord::InternalMetadata Create (0.8ms)[0m  [1m[32mINSERT INTO "ar_internal_metadata" ("key", "value", "created_at", "updated_at") VALUES ($1, $2, $3, $4) RETURNING "key"[0m  [["key", "environment"], ["value", "development"], ["created_at", "2018-05-01 22:36:29.355480"], ["updated_at", "2018-05-01 22:36:29.355480"]]
  ↳ bin/rails:4
  [1m[35m (1.2ms)[0m  [1m[35mCOMMIT[0m
  ↳ bin/rails:4
  [1m[35m (0.2ms)[0m  [1m[34mSELECT pg_advisory_unlock(4885374938465026635)[0m
  ↳ bin/rails:4
  [1m[35m (0.3ms)[0m  [1m[34mSELECT "schema_migrations"."version" FROM "schema_migrations" ORDER BY "schema_migrations"."version" ASC[0m
  ↳ bin/rails:4
  [1m[35m (0.8ms)[0m  [1m[34mSELECT "schema_migrations"."version" FROM "schema_migrations" ORDER BY "schema_migrations"."version" ASC[0m
  ↳ bin/rails:4
  [1m[36mSadStoryQuote Load (0.5ms)[0m  [1m[34mSELECT "sad_story_quotes".* FROM "sad_story_quotes"[0m
  ↳ db/seeds.rb:1
  [1m[35m (0.3ms)[0m  [1m[35mBEGIN[0m
  ↳ db/seeds.rb:2
  [1m[36mSadStoryQuote Create (15.9ms)[0m  [1m[32mINSERT INTO "sad_story_quotes" ("char", "quote", "storyname", "created_at", "updated_at") VALUES ($1, $2, $3, $4, $5) RETURNING "id"[0m  [["char", "narrator"], ["quote", "Two friends stood on a street corner."], ["storyname", "Sad Story"], ["created_at", "2018-05-02 00:17:17.173900"], ["updated_at", "2018-05-02 00:17:17.173900"]]
  ↳ db/seeds.rb:2
  [1m[35m (1.6ms)[0m  [1m[35mCOMMIT[0m
  ↳ db/seeds.rb:2
  [1m[35m (0.3ms)[0m  [1m[35mBEGIN[0m
  ↳ db/seeds.rb:2
  [1m[36mSadStoryQuote Create (0.8ms)[0m  [1m[32mINSERT INTO "sad_story_quotes" ("char", "quote", "storyname", "created_at", "updated_at") VALUES ($1, $2, $3, $4, $5) RETURNING "id"[0m  [["char", "Tim"], ["quote", "See you later, Jim."], ["storyname", "Sad Story"], ["created_at", "2018-05-02 00:17:17.197218"], ["updated_at", "2018-05-02 00:17:17.197218"]]
  ↳ db/seeds.rb:2
  [1m[35m (6.2ms)[0m  [1m[35mCOMMIT[0m
  ↳ db/seeds.rb:2
  [1m[35m (0.3ms)[0m  [1m[35mBEGIN[0m
  ↳ db/seeds.rb:2
  [1m[36mSadStoryQuote Create (0.7ms)[0m  [1m[32mINSERT INTO "sad_story_quotes" ("char", "quote", "storyname", "created_at", "updated_at") VALUES ($1, $2, $3, $4, $5) RETURNING "id"[0m  [["char", "Jim"], ["quote", "Bye Tim.See you tomorrow."], ["storyname", "Sad Story"], ["created_at", "2018-05-02 00:17:17.207528"], ["updated_at", "2018-05-02 00:17:17.207528"]]
  ↳ db/seeds.rb:2
  [1m[35m (6.0ms)[0m  [1m[35mCOMMIT[0m
  ↳ db/seeds.rb:2
  [1m[35m (0.3ms)[0m  [1m[35mBEGIN[0m
  ↳ db/seeds.rb:2
  [1m[36mSadStoryQuote Create (0.6ms)[0m  [1m[32mINSERT INTO "sad_story_quotes" ("char", "quote", "storyname", "created_at", "updated_at") VALUES ($1, $2, $3, $4, $5) RETURNING "id"[0m  [["char", "narrator"], ["quote", "They never met again."], ["storyname", "Sad Story"], ["created_at", "2018-05-02 00:17:17.217290"], ["updated_at", "2018-05-02 00:17:17.217290"]]
  ↳ db/seeds.rb:2
  [1m[35m (5.2ms)[0m  [1m[35mCOMMIT[0m
  ↳ db/seeds.rb:2
  [1m[35m (0.5ms)[0m  [1m[34mSELECT COUNT(*) FROM "sad_story_quotes"[0m
  ↳ db/seeds.rb:26
  [1m[35m (1.3ms)[0m  [1m[34mSELECT "schema_migrations"."version" FROM "schema_migrations" ORDER BY "schema_migrations"."version" ASC[0m
  ↳ bin/rails:4
  [1m[35m (12.1ms)[0m  [1m[34mSELECT "ar_internal_metadata"."value" FROM "ar_internal_metadata" WHERE "ar_internal_metadata"."key" = $1[0m  [["key", "environment"]]
  ↳ bin/rails:4
  [1m[35m (0.3ms)[0m  [1m[34mSELECT "schema_migrations"."version" FROM "schema_migrations" ORDER BY "schema_migrations"."version" ASC[0m
  ↳ bin/rails:4
  [1m[35m (0.2ms)[0m  [1m[34mSELECT "ar_internal_metadata"."value" FROM "ar_internal_metadata" WHERE "ar_internal_metadata"."key" = $1[0m  [["key", "environment"]]
  ↳ bin/rails:4
  [1m[35m (0.3ms)[0m  [1m[34mSELECT "schema_migrations"."version" FROM "schema_migrations" ORDER BY "schema_migrations"."version" ASC[0m
  ↳ bin/rails:4
  [1m[35m (0.2ms)[0m  [1m[34mSELECT "ar_internal_metadata"."value" FROM "ar_internal_metadata" WHERE "ar_internal_metadata"."key" = $1[0m  [["key", "environment"]]
  ↳ bin/rails:4
  [1m[35m (7191.1ms)[0m  [1m[35mDROP DATABASE IF EXISTS "stories_rails_api_development"[0m
  ↳ bin/rails:4
  [1m[35m (0.6ms)[0m  [1m[34mSELECT "schema_migrations"."version" FROM "schema_migrations" ORDER BY "schema_migrations"."version" ASC[0m
  ↳ bin/rails:4
  [1m[35m (0.4ms)[0m  [1m[34mSELECT "ar_internal_metadata"."value" FROM "ar_internal_metadata" WHERE "ar_internal_metadata"."key" = $1[0m  [["key", "environment"]]
  ↳ bin/rails:4
  [1m[35m (0.3ms)[0m  [1m[34mSELECT "schema_migrations"."version" FROM "schema_migrations" ORDER BY "schema_migrations"."version" ASC[0m
  ↳ bin/rails:4
  [1m[35m (0.2ms)[0m  [1m[34mSELECT "ar_internal_metadata"."value" FROM "ar_internal_metadata" WHERE "ar_internal_metadata"."key" = $1[0m  [["key", "environment"]]
  ↳ bin/rails:4
  [1m[35m (0.3ms)[0m  [1m[34mSELECT "schema_migrations"."version" FROM "schema_migrations" ORDER BY "schema_migrations"."version" ASC[0m
  ↳ bin/rails:4
  [1m[35m (0.2ms)[0m  [1m[34mSELECT "ar_internal_metadata"."value" FROM "ar_internal_metadata" WHERE "ar_internal_metadata"."key" = $1[0m  [["key", "environment"]]
  ↳ bin/rails:4
  [1m[35m (7801.5ms)[0m  [1m[35mDROP DATABASE IF EXISTS "stories_rails_api_development"[0m
  ↳ bin/rails:4
  [1m[35m (0.6ms)[0m  [1m[34mSELECT "schema_migrations"."version" FROM "schema_migrations" ORDER BY "schema_migrations"."version" ASC[0m
  ↳ bin/rails:4
  [1m[35m (0.3ms)[0m  [1m[34mSELECT "ar_internal_metadata"."value" FROM "ar_internal_metadata" WHERE "ar_internal_metadata"."key" = $1[0m  [["key", "environment"]]
  ↳ bin/rails:4
  [1m[35m (0.3ms)[0m  [1m[34mSELECT "schema_migrations"."version" FROM "schema_migrations" ORDER BY "schema_migrations"."version" ASC[0m
  ↳ bin/rails:4
  [1m[35m (0.2ms)[0m  [1m[34mSELECT "ar_internal_metadata"."value" FROM "ar_internal_metadata" WHERE "ar_internal_metadata"."key" = $1[0m  [["key", "environment"]]
  ↳ bin/rails:4
  [1m[35m (0.2ms)[0m  [1m[34mSELECT "schema_migrations"."version" FROM "schema_migrations" ORDER BY "schema_migrations"."version" ASC[0m
  ↳ bin/rails:4
  [1m[35m (0.2ms)[0m  [1m[34mSELECT "ar_internal_metadata"."value" FROM "ar_internal_metadata" WHERE "ar_internal_metadata"."key" = $1[0m  [["key", "environment"]]
  ↳ bin/rails:4
  [1m[35m (7480.3ms)[0m  [1m[35mDROP DATABASE IF EXISTS "stories_rails_api_development"[0m
  ↳ bin/rails:4
  [1m[35m (0.7ms)[0m  [1m[34mSELECT "schema_migrations"."version" FROM "schema_migrations" ORDER BY "schema_migrations"."version" ASC[0m
  ↳ bin/rails:4
  [1m[35m (0.4ms)[0m  [1m[34mSELECT "ar_internal_metadata"."value" FROM "ar_internal_metadata" WHERE "ar_internal_metadata"."key" = $1[0m  [["key", "environment"]]
  ↳ bin/rails:4
  [1m[35m (0.2ms)[0m  [1m[34mSELECT "schema_migrations"."version" FROM "schema_migrations" ORDER BY "schema_migrations"."version" ASC[0m
  ↳ bin/rails:4
  [1m[35m (0.2ms)[0m  [1m[34mSELECT "ar_internal_metadata"."value" FROM "ar_internal_metadata" WHERE "ar_internal_metadata"."key" = $1[0m  [["key", "environment"]]
  ↳ bin/rails:4
  [1m[35m (0.2ms)[0m  [1m[34mSELECT "schema_migrations"."version" FROM "schema_migrations" ORDER BY "schema_migrations"."version" ASC[0m
  ↳ bin/rails:4
  [1m[35m (0.2ms)[0m  [1m[34mSELECT "ar_internal_metadata"."value" FROM "ar_internal_metadata" WHERE "ar_internal_metadata"."key" = $1[0m  [["key", "environment"]]
  ↳ bin/rails:4
  [1m[35m (7093.4ms)[0m  [1m[35mDROP DATABASE IF EXISTS "stories_rails_api_development"[0m
  ↳ bin/rails:4
  [1m[35m (0.6ms)[0m  [1m[34mSELECT "schema_migrations"."version" FROM "schema_migrations" ORDER BY "schema_migrations"."version" ASC[0m
  ↳ bin/rails:4
  [1m[35m (0.7ms)[0m  [1m[34mSELECT "ar_internal_metadata"."value" FROM "ar_internal_metadata" WHERE "ar_internal_metadata"."key" = $1[0m  [["key", "environment"]]
  ↳ bin/rails:4
  [1m[35m (0.4ms)[0m  [1m[34mSELECT "schema_migrations"."version" FROM "schema_migrations" ORDER BY "schema_migrations"."version" ASC[0m
  ↳ bin/rails:4
  [1m[35m (0.3ms)[0m  [1m[34mSELECT "ar_internal_metadata"."value" FROM "ar_internal_metadata" WHERE "ar_internal_metadata"."key" = $1[0m  [["key", "environment"]]
  ↳ bin/rails:4
  [1m[35m (0.5ms)[0m  [1m[34mSELECT "schema_migrations"."version" FROM "schema_migrations" ORDER BY "schema_migrations"."version" ASC[0m
  ↳ bin/rails:4
  [1m[35m (0.4ms)[0m  [1m[34mSELECT "ar_internal_metadata"."value" FROM "ar_internal_metadata" WHERE "ar_internal_metadata"."key" = $1[0m  [["key", "environment"]]
  ↳ bin/rails:4
  [1m[35m (247.7ms)[0m  [1m[35mDROP DATABASE IF EXISTS "stories_rails_api_development"[0m
  ↳ bin/rails:4
  [1m[35m (245.4ms)[0m  [1m[35mDROP DATABASE IF EXISTS "stories_rails_api_test"[0m
  ↳ bin/rails:4
  [1m[35m (739.1ms)[0m  [1m[35mCREATE DATABASE "stories_rails_api_development" ENCODING = 'unicode'[0m
  ↳ bin/rails:4
  [1m[35m (527.2ms)[0m  [1m[35mCREATE DATABASE "stories_rails_api_test" ENCODING = 'unicode'[0m
  ↳ bin/rails:4
  [1m[35m (16.8ms)[0m  [1m[35mCREATE TABLE "schema_migrations" ("version" character varying NOT NULL PRIMARY KEY)[0m
  ↳ bin/rails:4
  [1m[35m (23.5ms)[0m  [1m[35mCREATE TABLE "ar_internal_metadata" ("key" character varying NOT NULL PRIMARY KEY, "value" character varying, "created_at" timestamp NOT NULL, "updated_at" timestamp NOT NULL)[0m
  ↳ bin/rails:4
  [1m[35m (0.3ms)[0m  [1m[34mSELECT pg_try_advisory_lock(4885374938465026635)[0m
  ↳ bin/rails:4
  [1m[35m (1.2ms)[0m  [1m[34mSELECT "schema_migrations"."version" FROM "schema_migrations" ORDER BY "schema_migrations"."version" ASC[0m
  ↳ bin/rails:4
Migrating to CreateStories (20180502150925)
  [1m[35m (0.3ms)[0m  [1m[35mBEGIN[0m
  ↳ bin/rails:4
  [1m[35m (26.6ms)[0m  [1m[35mCREATE TABLE "stories" ("id" bigserial primary key, "name" character varying, "created_at" timestamp NOT NULL, "updated_at" timestamp NOT NULL)[0m
  ↳ db/migrate/20180502150925_create_stories.rb:3
  [1m[36mActiveRecord::SchemaMigration Create (1.2ms)[0m  [1m[32mINSERT INTO "schema_migrations" ("version") VALUES ($1) RETURNING "version"[0m  [["version", "20180502150925"]]
  ↳ bin/rails:4
  [1m[35m (1.4ms)[0m  [1m[35mCOMMIT[0m
  ↳ bin/rails:4
Migrating to CreateQuotes (20180502151044)
  [1m[35m (5.9ms)[0m  [1m[35mBEGIN[0m
  ↳ bin/rails:4
  [1m[35m (16.9ms)[0m  [1m[35mCREATE TABLE "quotes" ("id" bigserial primary key, "quote" text, "character" character varying, "sequence" integer, "story_id" bigint, "created_at" timestamp NOT NULL, "updated_at" timestamp NOT NULL)[0m
  ↳ db/migrate/20180502151044_create_quotes.rb:3
  [1m[35m (2.1ms)[0m  [1m[35mCREATE  INDEX  "index_quotes_on_story_id" ON "quotes"  ("story_id")[0m
  ↳ db/migrate/20180502151044_create_quotes.rb:3
  [1m[36mActiveRecord::SchemaMigration Create (0.3ms)[0m  [1m[32mINSERT INTO "schema_migrations" ("version") VALUES ($1) RETURNING "version"[0m  [["version", "20180502151044"]]
  ↳ bin/rails:4
  [1m[35m (1.3ms)[0m  [1m[35mCOMMIT[0m
  ↳ bin/rails:4
  [1m[36mActiveRecord::InternalMetadata Load (0.5ms)[0m  [1m[34mSELECT  "ar_internal_metadata".* FROM "ar_internal_metadata" WHERE "ar_internal_metadata"."key" = $1 LIMIT $2[0m  [["key", "environment"], ["LIMIT", 1]]
  ↳ bin/rails:4
  [1m[35m (0.2ms)[0m  [1m[35mBEGIN[0m
  ↳ bin/rails:4
  [1m[36mActiveRecord::InternalMetadata Create (0.6ms)[0m  [1m[32mINSERT INTO "ar_internal_metadata" ("key", "value", "created_at", "updated_at") VALUES ($1, $2, $3, $4) RETURNING "key"[0m  [["key", "environment"], ["value", "development"], ["created_at", "2018-05-02 16:01:04.872215"], ["updated_at", "2018-05-02 16:01:04.872215"]]
  ↳ bin/rails:4
  [1m[35m (1.2ms)[0m  [1m[35mCOMMIT[0m
  ↳ bin/rails:4
  [1m[35m (0.3ms)[0m  [1m[34mSELECT pg_advisory_unlock(4885374938465026635)[0m
  ↳ bin/rails:4
  [1m[35m (0.3ms)[0m  [1m[34mSELECT "schema_migrations"."version" FROM "schema_migrations" ORDER BY "schema_migrations"."version" ASC[0m
  ↳ bin/rails:4
  [1m[35m (0.8ms)[0m  [1m[34mSELECT "schema_migrations"."version" FROM "schema_migrations" ORDER BY "schema_migrations"."version" ASC[0m
  ↳ bin/rails:4
  [1m[35m (1.4ms)[0m  [1m[34mSELECT "schema_migrations"."version" FROM "schema_migrations" ORDER BY "schema_migrations"."version" ASC[0m
  ↳ bin/rails:4
  [1m[35m (1.3ms)[0m  [1m[34mSELECT "schema_migrations"."version" FROM "schema_migrations" ORDER BY "schema_migrations"."version" ASC[0m
  ↳ bin/rails:4
  [1m[35m (1.2ms)[0m  [1m[34mSELECT "schema_migrations"."version" FROM "schema_migrations" ORDER BY "schema_migrations"."version" ASC[0m
  ↳ bin/rails:4
  [1m[35m (1.4ms)[0m  [1m[34mSELECT "schema_migrations"."version" FROM "schema_migrations" ORDER BY "schema_migrations"."version" ASC[0m
  ↳ bin/rails:4
  [1m[35m (1.9ms)[0m  [1m[34mSELECT "schema_migrations"."version" FROM "schema_migrations" ORDER BY "schema_migrations"."version" ASC[0m
  ↳ bin/rails:4
  [1m[35m (1.2ms)[0m  [1m[34mSELECT "schema_migrations"."version" FROM "schema_migrations" ORDER BY "schema_migrations"."version" ASC[0m
  ↳ bin/rails:4
  [1m[35m (1.3ms)[0m  [1m[34mSELECT "schema_migrations"."version" FROM "schema_migrations" ORDER BY "schema_migrations"."version" ASC[0m
  ↳ bin/rails:4
  [1m[35m (1.3ms)[0m  [1m[34mSELECT "schema_migrations"."version" FROM "schema_migrations" ORDER BY "schema_migrations"."version" ASC[0m
  ↳ bin/rails:4
  [1m[35m (1.4ms)[0m  [1m[34mSELECT "schema_migrations"."version" FROM "schema_migrations" ORDER BY "schema_migrations"."version" ASC[0m
  ↳ bin/rails:4
  [1m[35m (2.0ms)[0m  [1m[34mSELECT "schema_migrations"."version" FROM "schema_migrations" ORDER BY "schema_migrations"."version" ASC[0m
  ↳ bin/rails:4
  [1m[35m (1.6ms)[0m  [1m[34mSELECT "schema_migrations"."version" FROM "schema_migrations" ORDER BY "schema_migrations"."version" ASC[0m
  ↳ bin/rails:4
  [1m[35m (1.3ms)[0m  [1m[34mSELECT "schema_migrations"."version" FROM "schema_migrations" ORDER BY "schema_migrations"."version" ASC[0m
  ↳ bin/rails:4
  [1m[35m (0.6ms)[0m  [1m[34mSELECT "schema_migrations"."version" FROM "schema_migrations" ORDER BY "schema_migrations"."version" ASC[0m
  ↳ bin/rails:4
  [1m[35m (0.6ms)[0m  [1m[34mSELECT "schema_migrations"."version" FROM "schema_migrations" ORDER BY "schema_migrations"."version" ASC[0m
  ↳ bin/rails:4
  [1m[35m (0.7ms)[0m  [1m[34mSELECT "schema_migrations"."version" FROM "schema_migrations" ORDER BY "schema_migrations"."version" ASC[0m
  ↳ bin/rails:4
  [1m[35m (0.6ms)[0m  [1m[34mSELECT "schema_migrations"."version" FROM "schema_migrations" ORDER BY "schema_migrations"."version" ASC[0m
  ↳ bin/rails:4
  [1m[35m (0.7ms)[0m  [1m[34mSELECT "schema_migrations"."version" FROM "schema_migrations" ORDER BY "schema_migrations"."version" ASC[0m
  ↳ bin/rails:4
  [1m[35m (0.7ms)[0m  [1m[34mSELECT "schema_migrations"."version" FROM "schema_migrations" ORDER BY "schema_migrations"."version" ASC[0m
  ↳ bin/rails:4
  [1m[35m (0.6ms)[0m  [1m[34mSELECT "schema_migrations"."version" FROM "schema_migrations" ORDER BY "schema_migrations"."version" ASC[0m
  ↳ bin/rails:4
  [1m[35m (0.7ms)[0m  [1m[34mSELECT "schema_migrations"."version" FROM "schema_migrations" ORDER BY "schema_migrations"."version" ASC[0m
  ↳ bin/rails:4
  [1m[35m (1.2ms)[0m  [1m[34mSELECT "schema_migrations"."version" FROM "schema_migrations" ORDER BY "schema_migrations"."version" ASC[0m
  ↳ bin/rails:4
  [1m[35m (1.2ms)[0m  [1m[34mSELECT "schema_migrations"."version" FROM "schema_migrations" ORDER BY "schema_migrations"."version" ASC[0m
  ↳ bin/rails:4
  [1m[35m (0.6ms)[0m  [1m[34mSELECT "schema_migrations"."version" FROM "schema_migrations" ORDER BY "schema_migrations"."version" ASC[0m
  ↳ bin/rails:4
  [1m[35m (0.6ms)[0m  [1m[34mSELECT "schema_migrations"."version" FROM "schema_migrations" ORDER BY "schema_migrations"."version" ASC[0m
  ↳ bin/rails:4
  [1m[35m (0.7ms)[0m  [1m[34mSELECT "schema_migrations"."version" FROM "schema_migrations" ORDER BY "schema_migrations"."version" ASC[0m
  ↳ bin/rails:4
  [1m[35m (0.8ms)[0m  [1m[34mSELECT "schema_migrations"."version" FROM "schema_migrations" ORDER BY "schema_migrations"."version" ASC[0m
  ↳ bin/rails:4
  [1m[35m (1.0ms)[0m  [1m[34mSELECT "schema_migrations"."version" FROM "schema_migrations" ORDER BY "schema_migrations"."version" ASC[0m
  ↳ bin/rails:4
  [1m[35m (0.6ms)[0m  [1m[34mSELECT "schema_migrations"."version" FROM "schema_migrations" ORDER BY "schema_migrations"."version" ASC[0m
  ↳ bin/rails:4
  [1m[35m (0.2ms)[0m  [1m[35mBEGIN[0m
  ↳ db/seeds.rb:37
  [1m[36mStory Create (16.5ms)[0m  [1m[32mINSERT INTO "stories" ("name", "created_at", "updated_at") VALUES ($1, $2, $3) RETURNING "id"[0m  [["name", "Sad Story"], ["created_at", "2018-05-02 18:00:06.845506"], ["updated_at", "2018-05-02 18:00:06.845506"]]
  ↳ db/seeds.rb:37
  [1m[35m (1.8ms)[0m  [1m[35mCOMMIT[0m
  ↳ db/seeds.rb:37
  [1m[35m (0.6ms)[0m  [1m[34mSELECT "schema_migrations"."version" FROM "schema_migrations" ORDER BY "schema_migrations"."version" ASC[0m
  ↳ bin/rails:4
  [1m[35m (0.2ms)[0m  [1m[35mBEGIN[0m
  ↳ db/seeds.rb:37
  [1m[36mStory Create (0.7ms)[0m  [1m[32mINSERT INTO "stories" ("name", "created_at", "updated_at") VALUES ($1, $2, $3) RETURNING "id"[0m  [["name", "Sad Story"], ["created_at", "2018-05-02 18:05:24.654663"], ["updated_at", "2018-05-02 18:05:24.654663"]]
  ↳ db/seeds.rb:37
  [1m[35m (1.3ms)[0m  [1m[35mCOMMIT[0m
  ↳ db/seeds.rb:37
  [1m[35m (0.7ms)[0m  [1m[34mSELECT "schema_migrations"."version" FROM "schema_migrations" ORDER BY "schema_migrations"."version" ASC[0m
  ↳ bin/rails:4
  [1m[35m (0.2ms)[0m  [1m[35mBEGIN[0m
  ↳ db/seeds.rb:37
  [1m[36mStory Create (0.6ms)[0m  [1m[32mINSERT INTO "stories" ("name", "created_at", "updated_at") VALUES ($1, $2, $3) RETURNING "id"[0m  [["name", "Sad Story"], ["created_at", "2018-05-02 18:06:08.865818"], ["updated_at", "2018-05-02 18:06:08.865818"]]
  ↳ db/seeds.rb:37
  [1m[35m (6.1ms)[0m  [1m[35mCOMMIT[0m
  ↳ db/seeds.rb:37
  [1m[35m (0.8ms)[0m  [1m[34mSELECT COUNT(*) FROM "stories"[0m
  ↳ db/seeds.rb:41
  [1m[35m (0.6ms)[0m  [1m[34mSELECT "schema_migrations"."version" FROM "schema_migrations" ORDER BY "schema_migrations"."version" ASC[0m
  ↳ bin/rails:4
  [1m[35m (0.2ms)[0m  [1m[35mBEGIN[0m
  ↳ db/seeds.rb:37
  [1m[36mStory Create (0.6ms)[0m  [1m[32mINSERT INTO "stories" ("name", "created_at", "updated_at") VALUES ($1, $2, $3) RETURNING "id"[0m  [["name", "Sad Story"], ["created_at", "2018-05-02 18:09:25.689694"], ["updated_at", "2018-05-02 18:09:25.689694"]]
  ↳ db/seeds.rb:37
  [1m[35m (6.1ms)[0m  [1m[35mCOMMIT[0m
  ↳ db/seeds.rb:37
  [1m[35m (0.8ms)[0m  [1m[34mSELECT COUNT(*) FROM "stories"[0m
  ↳ db/seeds.rb:41
  [1m[35m (0.6ms)[0m  [1m[34mSELECT "schema_migrations"."version" FROM "schema_migrations" ORDER BY "schema_migrations"."version" ASC[0m
  ↳ bin/rails:4
  [1m[35m (0.2ms)[0m  [1m[35mBEGIN[0m
  ↳ db/seeds.rb:37
  [1m[36mStory Create (0.6ms)[0m  [1m[32mINSERT INTO "stories" ("name", "created_at", "updated_at") VALUES ($1, $2, $3) RETURNING "id"[0m  [["name", "Sad Story"], ["created_at", "2018-05-02 18:11:19.785366"], ["updated_at", "2018-05-02 18:11:19.785366"]]
  ↳ db/seeds.rb:37
  [1m[35m (6.0ms)[0m  [1m[35mCOMMIT[0m
  ↳ db/seeds.rb:37
  [1m[35m (0.8ms)[0m  [1m[34mSELECT COUNT(*) FROM "stories"[0m
  ↳ db/seeds.rb:41
  [1m[35m (0.6ms)[0m  [1m[34mSELECT "schema_migrations"."version" FROM "schema_migrations" ORDER BY "schema_migrations"."version" ASC[0m
  ↳ bin/rails:4
  [1m[35m (0.2ms)[0m  [1m[35mBEGIN[0m
  ↳ db/seeds.rb:22
  [1m[36mStory Create (0.6ms)[0m  [1m[32mINSERT INTO "stories" ("name", "created_at", "updated_at") VALUES ($1, $2, $3) RETURNING "id"[0m  [["name", "Sad Story"], ["created_at", "2018-05-02 18:14:49.737698"], ["updated_at", "2018-05-02 18:14:49.737698"]]
  ↳ db/seeds.rb:22
  [1m[35m (6.0ms)[0m  [1m[35mCOMMIT[0m
  ↳ db/seeds.rb:22
  [1m[35m (0.6ms)[0m  [1m[34mSELECT COUNT(*) FROM "stories"[0m
  ↳ db/seeds.rb:26
  [1m[36mQuote Load (0.5ms)[0m  [1m[34mSELECT "quotes".* FROM "quotes"[0m
  ↳ db/seeds.rb:37
  [1m[35m (0.2ms)[0m  [1m[35mBEGIN[0m
  ↳ db/seeds.rb:38
  [1m[36mStory Load (0.2ms)[0m  [1m[34mSELECT  "stories".* FROM "stories" WHERE "stories"."id" = $1 LIMIT $2[0m  [["id", 1], ["LIMIT", 1]]
  ↳ db/seeds.rb:38
  [1m[36mQuote Create (7.2ms)[0m  [1m[32mINSERT INTO "quotes" ("quote", "character", "sequence", "story_id", "created_at", "updated_at") VALUES ($1, $2, $3, $4, $5, $6) RETURNING "id"[0m  [["quote", "Two friends stood on a street corner."], ["character", "narrator"], ["sequence", 1], ["story_id", 1], ["created_at", "2018-05-02 18:14:49.783985"], ["updated_at", "2018-05-02 18:14:49.783985"]]
  ↳ db/seeds.rb:38
  [1m[35m (11.2ms)[0m  [1m[35mCOMMIT[0m
  ↳ db/seeds.rb:38
  [1m[35m (0.6ms)[0m  [1m[34mSELECT "schema_migrations"."version" FROM "schema_migrations" ORDER BY "schema_migrations"."version" ASC[0m
  ↳ bin/rails:4
  [1m[35m (0.2ms)[0m  [1m[35mBEGIN[0m
  ↳ db/seeds.rb:22
  [1m[36mStory Create (0.6ms)[0m  [1m[32mINSERT INTO "stories" ("name", "created_at", "updated_at") VALUES ($1, $2, $3) RETURNING "id"[0m  [["name", "Sad Story"], ["created_at", "2018-05-02 18:15:19.525086"], ["updated_at", "2018-05-02 18:15:19.525086"]]
  ↳ db/seeds.rb:22
  [1m[35m (6.3ms)[0m  [1m[35mCOMMIT[0m
  ↳ db/seeds.rb:22
  [1m[35m (0.6ms)[0m  [1m[34mSELECT COUNT(*) FROM "stories"[0m
  ↳ db/seeds.rb:26
  [1m[36mQuote Load (0.7ms)[0m  [1m[34mSELECT "quotes".* FROM "quotes"[0m
  ↳ db/seeds.rb:37
  [1m[35m (0.2ms)[0m  [1m[35mBEGIN[0m
  ↳ db/seeds.rb:37
  [1m[36mQuote Destroy (0.5ms)[0m  [1m[31mDELETE FROM "quotes" WHERE "quotes"."id" = $1[0m  [["id", 1]]
  ↳ db/seeds.rb:37
  [1m[35m (1.2ms)[0m  [1m[35mCOMMIT[0m
  ↳ db/seeds.rb:37
  [1m[35m (0.3ms)[0m  [1m[35mBEGIN[0m
  ↳ db/seeds.rb:38
  [1m[36mStory Load (0.2ms)[0m  [1m[34mSELECT  "stories".* FROM "stories" WHERE "stories"."id" = $1 LIMIT $2[0m  [["id", 1], ["LIMIT", 1]]
  ↳ db/seeds.rb:38
  [1m[36mQuote Create (0.5ms)[0m  [1m[32mINSERT INTO "quotes" ("quote", "character", "sequence", "story_id", "created_at", "updated_at") VALUES ($1, $2, $3, $4, $5, $6) RETURNING "id"[0m  [["quote", "Two friends stood on a street corner."], ["character", "narrator"], ["sequence", 1], ["story_id", 1], ["created_at", "2018-05-02 18:15:19.559120"], ["updated_at", "2018-05-02 18:15:19.559120"]]
  ↳ db/seeds.rb:38
  [1m[35m (1.3ms)[0m  [1m[35mCOMMIT[0m
  ↳ db/seeds.rb:38
  [1m[35m (0.4ms)[0m  [1m[34mSELECT COUNT(*) FROM "quotes"[0m
  ↳ db/seeds.rb:57
  [1m[35m (0.8ms)[0m  [1m[34mSELECT "schema_migrations"."version" FROM "schema_migrations" ORDER BY "schema_migrations"."version" ASC[0m
  ↳ bin/rails:4
  [1m[35m (0.3ms)[0m  [1m[35mBEGIN[0m
  ↳ db/seeds.rb:22
  [1m[36mStory Create (0.7ms)[0m  [1m[32mINSERT INTO "stories" ("name", "created_at", "updated_at") VALUES ($1, $2, $3) RETURNING "id"[0m  [["name", "Sad Story"], ["created_at", "2018-05-02 18:29:33.648757"], ["updated_at", "2018-05-02 18:29:33.648757"]]
  ↳ db/seeds.rb:22
  [1m[35m (6.1ms)[0m  [1m[35mCOMMIT[0m
  ↳ db/seeds.rb:22
  [1m[35m (0.8ms)[0m  [1m[34mSELECT COUNT(*) FROM "stories"[0m
  ↳ db/seeds.rb:26
  [1m[36mQuote Load (0.9ms)[0m  [1m[34mSELECT "quotes".* FROM "quotes"[0m
  ↳ db/seeds.rb:37
  [1m[35m (0.4ms)[0m  [1m[35mBEGIN[0m
  ↳ db/seeds.rb:37
  [1m[36mQuote Destroy (0.8ms)[0m  [1m[31mDELETE FROM "quotes" WHERE "quotes"."id" = $1[0m  [["id", 2]]
  ↳ db/seeds.rb:37
  [1m[35m (1.4ms)[0m  [1m[35mCOMMIT[0m
  ↳ db/seeds.rb:37
  [1m[35m (1.3ms)[0m  [1m[34mSELECT "schema_migrations"."version" FROM "schema_migrations" ORDER BY "schema_migrations"."version" ASC[0m
  ↳ bin/rails:4
  [1m[35m (0.2ms)[0m  [1m[35mBEGIN[0m
  ↳ db/seeds.rb:22
  [1m[36mStory Create (0.6ms)[0m  [1m[32mINSERT INTO "stories" ("name", "created_at", "updated_at") VALUES ($1, $2, $3) RETURNING "id"[0m  [["name", "Sad Story"], ["created_at", "2018-05-02 18:30:33.495362"], ["updated_at", "2018-05-02 18:30:33.495362"]]
  ↳ db/seeds.rb:22
  [1m[35m (6.0ms)[0m  [1m[35mCOMMIT[0m
  ↳ db/seeds.rb:22
  [1m[35m (0.5ms)[0m  [1m[34mSELECT COUNT(*) FROM "stories"[0m
  ↳ db/seeds.rb:26
  [1m[36mQuote Load (0.8ms)[0m  [1m[34mSELECT "quotes".* FROM "quotes"[0m
  ↳ db/seeds.rb:37
  [1m[35m (0.6ms)[0m  [1m[34mSELECT "schema_migrations"."version" FROM "schema_migrations" ORDER BY "schema_migrations"."version" ASC[0m
  ↳ bin/rails:4
  [1m[35m (0.3ms)[0m  [1m[35mBEGIN[0m
  ↳ db/seeds.rb:22
  [1m[36mStory Create (0.6ms)[0m  [1m[32mINSERT INTO "stories" ("name", "created_at", "updated_at") VALUES ($1, $2, $3) RETURNING "id"[0m  [["name", "Sad Story"], ["created_at", "2018-05-02 18:30:59.678747"], ["updated_at", "2018-05-02 18:30:59.678747"]]
  ↳ db/seeds.rb:22
  [1m[35m (6.4ms)[0m  [1m[35mCOMMIT[0m
  ↳ db/seeds.rb:22
  [1m[35m (0.9ms)[0m  [1m[34mSELECT COUNT(*) FROM "stories"[0m
  ↳ db/seeds.rb:26
  [1m[36mQuote Load (0.9ms)[0m  [1m[34mSELECT "quotes".* FROM "quotes"[0m
  ↳ db/seeds.rb:37
  [1m[35m (0.3ms)[0m  [1m[35mBEGIN[0m
  ↳ db/seeds.rb:38
  [1m[36mStory Load (0.3ms)[0m  [1m[34mSELECT  "stories".* FROM "stories" WHERE "stories"."id" = $1 LIMIT $2[0m  [["id", 2], ["LIMIT", 1]]
  ↳ db/seeds.rb:38
  [1m[36mQuote Create (0.5ms)[0m  [1m[32mINSERT INTO "quotes" ("quote", "character", "sequence", "story_id", "created_at", "updated_at") VALUES ($1, $2, $3, $4, $5, $6) RETURNING "id"[0m  [["quote", "Two friends stood on a street corner."], ["character", "narrator"], ["sequence", 1], ["story_id", 2], ["created_at", "2018-05-02 18:30:59.725669"], ["updated_at", "2018-05-02 18:30:59.725669"]]
  ↳ db/seeds.rb:38
  [1m[35m (1.2ms)[0m  [1m[35mCOMMIT[0m
  ↳ db/seeds.rb:38
  [1m[35m (0.3ms)[0m  [1m[34mSELECT COUNT(*) FROM "quotes"[0m
  ↳ db/seeds.rb:57
  [1m[35m (0.8ms)[0m  [1m[34mSELECT "schema_migrations"."version" FROM "schema_migrations" ORDER BY "schema_migrations"."version" ASC[0m
  ↳ bin/rails:4
  [1m[35m (8.3ms)[0m  [1m[34mSELECT "ar_internal_metadata"."value" FROM "ar_internal_metadata" WHERE "ar_internal_metadata"."key" = $1[0m  [["key", "environment"]]
  ↳ bin/rails:4
  [1m[35m (0.5ms)[0m  [1m[34mSELECT "schema_migrations"."version" FROM "schema_migrations" ORDER BY "schema_migrations"."version" ASC[0m
  ↳ bin/rails:4
  [1m[35m (0.4ms)[0m  [1m[34mSELECT "ar_internal_metadata"."value" FROM "ar_internal_metadata" WHERE "ar_internal_metadata"."key" = $1[0m  [["key", "environment"]]
  ↳ bin/rails:4
  [1m[35m (0.5ms)[0m  [1m[34mSELECT "schema_migrations"."version" FROM "schema_migrations" ORDER BY "schema_migrations"."version" ASC[0m
  ↳ bin/rails:4
  [1m[35m (0.4ms)[0m  [1m[34mSELECT "ar_internal_metadata"."value" FROM "ar_internal_metadata" WHERE "ar_internal_metadata"."key" = $1[0m  [["key", "environment"]]
  ↳ bin/rails:4
  [1m[35m (7483.5ms)[0m  [1m[35mDROP DATABASE IF EXISTS "stories_rails_api_development"[0m
  ↳ bin/rails:4
  [1m[35m (0.7ms)[0m  [1m[34mSELECT "schema_migrations"."version" FROM "schema_migrations" ORDER BY "schema_migrations"."version" ASC[0m
  ↳ bin/rails:4
  [1m[35m (0.3ms)[0m  [1m[34mSELECT "ar_internal_metadata"."value" FROM "ar_internal_metadata" WHERE "ar_internal_metadata"."key" = $1[0m  [["key", "environment"]]
  ↳ bin/rails:4
  [1m[35m (0.3ms)[0m  [1m[34mSELECT "schema_migrations"."version" FROM "schema_migrations" ORDER BY "schema_migrations"."version" ASC[0m
  ↳ bin/rails:4
  [1m[35m (0.3ms)[0m  [1m[34mSELECT "ar_internal_metadata"."value" FROM "ar_internal_metadata" WHERE "ar_internal_metadata"."key" = $1[0m  [["key", "environment"]]
  ↳ bin/rails:4
  [1m[35m (0.3ms)[0m  [1m[34mSELECT "schema_migrations"."version" FROM "schema_migrations" ORDER BY "schema_migrations"."version" ASC[0m
  ↳ bin/rails:4
  [1m[35m (0.2ms)[0m  [1m[34mSELECT "ar_internal_metadata"."value" FROM "ar_internal_metadata" WHERE "ar_internal_metadata"."key" = $1[0m  [["key", "environment"]]
  ↳ bin/rails:4
  [1m[35m (7262.8ms)[0m  [1m[35mDROP DATABASE IF EXISTS "stories_rails_api_development"[0m
  ↳ bin/rails:4
  [1m[35m (0.6ms)[0m  [1m[34mSELECT "schema_migrations"."version" FROM "schema_migrations" ORDER BY "schema_migrations"."version" ASC[0m
  ↳ bin/rails:4
  [1m[35m (0.3ms)[0m  [1m[34mSELECT "ar_internal_metadata"."value" FROM "ar_internal_metadata" WHERE "ar_internal_metadata"."key" = $1[0m  [["key", "environment"]]
  ↳ bin/rails:4
  [1m[35m (0.2ms)[0m  [1m[34mSELECT "schema_migrations"."version" FROM "schema_migrations" ORDER BY "schema_migrations"."version" ASC[0m
  ↳ bin/rails:4
  [1m[35m (0.2ms)[0m  [1m[34mSELECT "ar_internal_metadata"."value" FROM "ar_internal_metadata" WHERE "ar_internal_metadata"."key" = $1[0m  [["key", "environment"]]
  ↳ bin/rails:4
  [1m[35m (0.2ms)[0m  [1m[34mSELECT "schema_migrations"."version" FROM "schema_migrations" ORDER BY "schema_migrations"."version" ASC[0m
  ↳ bin/rails:4
  [1m[35m (0.2ms)[0m  [1m[34mSELECT "ar_internal_metadata"."value" FROM "ar_internal_metadata" WHERE "ar_internal_metadata"."key" = $1[0m  [["key", "environment"]]
  ↳ bin/rails:4
  [1m[35m (7387.5ms)[0m  [1m[35mDROP DATABASE IF EXISTS "stories_rails_api_development"[0m
  ↳ bin/rails:4
  [1m[35m (0.6ms)[0m  [1m[34mSELECT "schema_migrations"."version" FROM "schema_migrations" ORDER BY "schema_migrations"."version" ASC[0m
  ↳ bin/rails:4
  [1m[35m (0.3ms)[0m  [1m[34mSELECT "ar_internal_metadata"."value" FROM "ar_internal_metadata" WHERE "ar_internal_metadata"."key" = $1[0m  [["key", "environment"]]
  ↳ bin/rails:4
  [1m[35m (0.3ms)[0m  [1m[34mSELECT "schema_migrations"."version" FROM "schema_migrations" ORDER BY "schema_migrations"."version" ASC[0m
  ↳ bin/rails:4
  [1m[35m (0.2ms)[0m  [1m[34mSELECT "ar_internal_metadata"."value" FROM "ar_internal_metadata" WHERE "ar_internal_metadata"."key" = $1[0m  [["key", "environment"]]
  ↳ bin/rails:4
  [1m[35m (0.3ms)[0m  [1m[34mSELECT "schema_migrations"."version" FROM "schema_migrations" ORDER BY "schema_migrations"."version" ASC[0m
  ↳ bin/rails:4
  [1m[35m (0.2ms)[0m  [1m[34mSELECT "ar_internal_metadata"."value" FROM "ar_internal_metadata" WHERE "ar_internal_metadata"."key" = $1[0m  [["key", "environment"]]
  ↳ bin/rails:4
  [1m[35m (248.0ms)[0m  [1m[35mDROP DATABASE IF EXISTS "stories_rails_api_development"[0m
  ↳ bin/rails:4
  [1m[35m (263.9ms)[0m  [1m[35mDROP DATABASE IF EXISTS "stories_rails_api_test"[0m
  ↳ bin/rails:4
  [1m[35m (489.3ms)[0m  [1m[35mCREATE DATABASE "stories_rails_api_development" ENCODING = 'unicode'[0m
  ↳ bin/rails:4
  [1m[35m (466.1ms)[0m  [1m[35mCREATE DATABASE "stories_rails_api_test" ENCODING = 'unicode'[0m
  ↳ bin/rails:4
  [1m[35m (10.4ms)[0m  [1m[35mCREATE TABLE "schema_migrations" ("version" character varying NOT NULL PRIMARY KEY)[0m
  ↳ bin/rails:4
  [1m[35m (7.2ms)[0m  [1m[35mCREATE TABLE "ar_internal_metadata" ("key" character varying NOT NULL PRIMARY KEY, "value" character varying, "created_at" timestamp NOT NULL, "updated_at" timestamp NOT NULL)[0m
  ↳ bin/rails:4
  [1m[35m (0.3ms)[0m  [1m[34mSELECT pg_try_advisory_lock(4885374938465026635)[0m
  ↳ bin/rails:4
  [1m[35m (0.5ms)[0m  [1m[34mSELECT "schema_migrations"."version" FROM "schema_migrations" ORDER BY "schema_migrations"."version" ASC[0m
  ↳ bin/rails:4
Migrating to CreateStories (20180502150925)
  [1m[35m (0.2ms)[0m  [1m[35mBEGIN[0m
  ↳ bin/rails:4
  [1m[35m (23.6ms)[0m  [1m[35mCREATE TABLE "stories" ("id" bigserial primary key, "name" character varying, "created_at" timestamp NOT NULL, "updated_at" timestamp NOT NULL)[0m
  ↳ db/migrate/20180502150925_create_stories.rb:3
  [1m[36mActiveRecord::SchemaMigration Create (1.1ms)[0m  [1m[32mINSERT INTO "schema_migrations" ("version") VALUES ($1) RETURNING "version"[0m  [["version", "20180502150925"]]
  ↳ bin/rails:4
  [1m[35m (1.8ms)[0m  [1m[35mCOMMIT[0m
  ↳ bin/rails:4
Migrating to CreateQuotes (20180502151044)
  [1m[35m (1.0ms)[0m  [1m[35mBEGIN[0m
  ↳ bin/rails:4
  [1m[35m (8.7ms)[0m  [1m[35mCREATE TABLE "quotes" ("id" bigserial primary key, "quote" text, "character" character varying, "sequence" integer, "story_id" bigint, "created_at" timestamp NOT NULL, "updated_at" timestamp NOT NULL)[0m
  ↳ db/migrate/20180502151044_create_quotes.rb:3
  [1m[35m (2.1ms)[0m  [1m[35mCREATE  INDEX  "index_quotes_on_story_id" ON "quotes"  ("story_id")[0m
  ↳ db/migrate/20180502151044_create_quotes.rb:3
  [1m[36mActiveRecord::SchemaMigration Create (0.3ms)[0m  [1m[32mINSERT INTO "schema_migrations" ("version") VALUES ($1) RETURNING "version"[0m  [["version", "20180502151044"]]
  ↳ bin/rails:4
  [1m[35m (1.5ms)[0m  [1m[35mCOMMIT[0m
  ↳ bin/rails:4
  [1m[36mActiveRecord::InternalMetadata Load (0.3ms)[0m  [1m[34mSELECT  "ar_internal_metadata".* FROM "ar_internal_metadata" WHERE "ar_internal_metadata"."key" = $1 LIMIT $2[0m  [["key", "environment"], ["LIMIT", 1]]
  ↳ bin/rails:4
  [1m[35m (0.2ms)[0m  [1m[35mBEGIN[0m
  ↳ bin/rails:4
  [1m[36mActiveRecord::InternalMetadata Create (0.5ms)[0m  [1m[32mINSERT INTO "ar_internal_metadata" ("key", "value", "created_at", "updated_at") VALUES ($1, $2, $3, $4) RETURNING "key"[0m  [["key", "environment"], ["value", "development"], ["created_at", "2018-05-02 19:27:39.709680"], ["updated_at", "2018-05-02 19:27:39.709680"]]
  ↳ bin/rails:4
  [1m[35m (1.3ms)[0m  [1m[35mCOMMIT[0m
  ↳ bin/rails:4
  [1m[35m (0.3ms)[0m  [1m[34mSELECT pg_advisory_unlock(4885374938465026635)[0m
  ↳ bin/rails:4
  [1m[35m (0.3ms)[0m  [1m[34mSELECT "schema_migrations"."version" FROM "schema_migrations" ORDER BY "schema_migrations"."version" ASC[0m
  ↳ bin/rails:4
  [1m[35m (0.6ms)[0m  [1m[34mSELECT "schema_migrations"."version" FROM "schema_migrations" ORDER BY "schema_migrations"."version" ASC[0m
  ↳ bin/rails:4
  [1m[35m (0.2ms)[0m  [1m[35mBEGIN[0m
  ↳ db/seeds.rb:22
  [1m[36mStory Create (0.9ms)[0m  [1m[32mINSERT INTO "stories" ("name", "created_at", "updated_at") VALUES ($1, $2, $3) RETURNING "id"[0m  [["name", "Sad Story"], ["created_at", "2018-05-02 19:27:50.516010"], ["updated_at", "2018-05-02 19:27:50.516010"]]
  ↳ db/seeds.rb:22
  [1m[35m (6.3ms)[0m  [1m[35mCOMMIT[0m
  ↳ db/seeds.rb:22
  [1m[35m (0.7ms)[0m  [1m[34mSELECT COUNT(*) FROM "stories"[0m
  ↳ db/seeds.rb:26
  [1m[36mQuote Load (0.8ms)[0m  [1m[34mSELECT "quotes".* FROM "quotes"[0m
  ↳ db/seeds.rb:37
  [1m[35m (0.2ms)[0m  [1m[35mBEGIN[0m
  ↳ db/seeds.rb:38
  [1m[36mStory Load (0.2ms)[0m  [1m[34mSELECT  "stories".* FROM "stories" WHERE "stories"."id" = $1 LIMIT $2[0m  [["id", 1], ["LIMIT", 1]]
  ↳ db/seeds.rb:38
  [1m[36mQuote Create (0.7ms)[0m  [1m[32mINSERT INTO "quotes" ("quote", "character", "sequence", "story_id", "created_at", "updated_at") VALUES ($1, $2, $3, $4, $5, $6) RETURNING "id"[0m  [["quote", "The best of friends stood on a street corner."], ["character", "narrator"], ["sequence", 1], ["story_id", 1], ["created_at", "2018-05-02 19:27:50.550399"], ["updated_at", "2018-05-02 19:27:50.550399"]]
  ↳ db/seeds.rb:38
  [1m[35m (6.0ms)[0m  [1m[35mCOMMIT[0m
  ↳ db/seeds.rb:38
  [1m[35m (0.3ms)[0m  [1m[35mBEGIN[0m
  ↳ db/seeds.rb:38
  [1m[36mStory Load (0.4ms)[0m  [1m[34mSELECT  "stories".* FROM "stories" WHERE "stories"."id" = $1 LIMIT $2[0m  [["id", 1], ["LIMIT", 1]]
  ↳ db/seeds.rb:38
  [1m[36mQuote Create (0.6ms)[0m  [1m[32mINSERT INTO "quotes" ("quote", "character", "sequence", "story_id", "created_at", "updated_at") VALUES ($1, $2, $3, $4, $5, $6) RETURNING "id"[0m  [["quote", "See you later, Jim"], ["character", "Tim"], ["sequence", 2], ["story_id", 1], ["created_at", "2018-05-02 19:27:50.561547"], ["updated_at", "2018-05-02 19:27:50.561547"]]
  ↳ db/seeds.rb:38
  [1m[35m (5.8ms)[0m  [1m[35mCOMMIT[0m
  ↳ db/seeds.rb:38
  [1m[35m (0.3ms)[0m  [1m[35mBEGIN[0m
  ↳ db/seeds.rb:38
  [1m[36mStory Load (0.4ms)[0m  [1m[34mSELECT  "stories".* FROM "stories" WHERE "stories"."id" = $1 LIMIT $2[0m  [["id", 1], ["LIMIT", 1]]
  ↳ db/seeds.rb:38
  [1m[36mQuote Create (0.4ms)[0m  [1m[32mINSERT INTO "quotes" ("quote", "character", "sequence", "story_id", "created_at", "updated_at") VALUES ($1, $2, $3, $4, $5, $6) RETURNING "id"[0m  [["quote", "Bye Tim.See you tomorrow."], ["character", "Jim"], ["sequence", 3], ["story_id", 1], ["created_at", "2018-05-02 19:27:50.572906"], ["updated_at", "2018-05-02 19:27:50.572906"]]
  ↳ db/seeds.rb:38
  [1m[35m (1.3ms)[0m  [1m[35mCOMMIT[0m
  ↳ db/seeds.rb:38
  [1m[35m (0.2ms)[0m  [1m[35mBEGIN[0m
  ↳ db/seeds.rb:38
  [1m[36mStory Load (0.3ms)[0m  [1m[34mSELECT  "stories".* FROM "stories" WHERE "stories"."id" = $1 LIMIT $2[0m  [["id", 1], ["LIMIT", 1]]
  ↳ db/seeds.rb:38
  [1m[36mQuote Create (0.3ms)[0m  [1m[32mINSERT INTO "quotes" ("quote", "character", "sequence", "story_id", "created_at", "updated_at") VALUES ($1, $2, $3, $4, $5, $6) RETURNING "id"[0m  [["quote", "They never met again."], ["character", "narrator"], ["sequence", 4], ["story_id", 1], ["created_at", "2018-05-02 19:27:50.577851"], ["updated_at", "2018-05-02 19:27:50.577851"]]
  ↳ db/seeds.rb:38
  [1m[35m (1.3ms)[0m  [1m[35mCOMMIT[0m
  ↳ db/seeds.rb:38
  [1m[35m (0.4ms)[0m  [1m[34mSELECT COUNT(*) FROM "quotes"[0m
  ↳ db/seeds.rb:74
  [1m[35m (2.8ms)[0m  [1m[34mSELECT "schema_migrations"."version" FROM "schema_migrations" ORDER BY "schema_migrations"."version" ASC[0m
  ↳ bin/rails:4
  [1m[35m (0.6ms)[0m  [1m[34mSELECT "schema_migrations"."version" FROM "schema_migrations" ORDER BY "schema_migrations"."version" ASC[0m
  ↳ bin/rails:4
  [1m[35m (0.6ms)[0m  [1m[34mSELECT "schema_migrations"."version" FROM "schema_migrations" ORDER BY "schema_migrations"."version" ASC[0m
  ↳ bin/rails:4
  [1m[35m (0.7ms)[0m  [1m[34mSELECT "schema_migrations"."version" FROM "schema_migrations" ORDER BY "schema_migrations"."version" ASC[0m
  ↳ bin/rails:4
  [1m[35m (0.8ms)[0m  [1m[34mSELECT "schema_migrations"."version" FROM "schema_migrations" ORDER BY "schema_migrations"."version" ASC[0m
  ↳ bin/rails:4
  [1m[35m (0.3ms)[0m  [1m[35mBEGIN[0m
  ↳ db/seeds.rb:26
  [1m[36mStory Create (2.0ms)[0m  [1m[32mINSERT INTO "stories" ("name", "created_at", "updated_at") VALUES ($1, $2, $3) RETURNING "id"[0m  [["name", "Sad Story"], ["created_at", "2018-05-03 14:25:12.202565"], ["updated_at", "2018-05-03 14:25:12.202565"]]
  ↳ db/seeds.rb:26
  [1m[35m (2.9ms)[0m  [1m[35mCOMMIT[0m
  ↳ db/seeds.rb:26
  [1m[35m (0.2ms)[0m  [1m[35mBEGIN[0m
  ↳ db/seeds.rb:26
  [1m[36mStory Create (0.4ms)[0m  [1m[32mINSERT INTO "stories" ("name", "created_at", "updated_at") VALUES ($1, $2, $3) RETURNING "id"[0m  [["name", "Funny Story"], ["created_at", "2018-05-03 14:25:12.210618"], ["updated_at", "2018-05-03 14:25:12.210618"]]
  ↳ db/seeds.rb:26
  [1m[35m (1.4ms)[0m  [1m[35mCOMMIT[0m
  ↳ db/seeds.rb:26
  [1m[35m (0.6ms)[0m  [1m[34mSELECT COUNT(*) FROM "stories"[0m
  ↳ db/seeds.rb:30
  [1m[36mQuote Load (6.7ms)[0m  [1m[34mSELECT "quotes".* FROM "quotes"[0m
  ↳ db/seeds.rb:41
  [1m[35m (0.2ms)[0m  [1m[35mBEGIN[0m
  ↳ db/seeds.rb:41
  [1m[36mQuote Destroy (0.5ms)[0m  [1m[31mDELETE FROM "quotes" WHERE "quotes"."id" = $1[0m  [["id", 1]]
  ↳ db/seeds.rb:41
  [1m[35m (6.1ms)[0m  [1m[35mCOMMIT[0m
  ↳ db/seeds.rb:41
  [1m[35m (0.2ms)[0m  [1m[35mBEGIN[0m
  ↳ db/seeds.rb:41
  [1m[36mQuote Destroy (0.4ms)[0m  [1m[31mDELETE FROM "quotes" WHERE "quotes"."id" = $1[0m  [["id", 2]]
  ↳ db/seeds.rb:41
  [1m[35m (5.8ms)[0m  [1m[35mCOMMIT[0m
  ↳ db/seeds.rb:41
  [1m[35m (0.3ms)[0m  [1m[35mBEGIN[0m
  ↳ db/seeds.rb:41
  [1m[36mQuote Destroy (0.5ms)[0m  [1m[31mDELETE FROM "quotes" WHERE "quotes"."id" = $1[0m  [["id", 3]]
  ↳ db/seeds.rb:41
  [1m[35m (6.2ms)[0m  [1m[35mCOMMIT[0m
  ↳ db/seeds.rb:41
  [1m[35m (0.3ms)[0m  [1m[35mBEGIN[0m
  ↳ db/seeds.rb:41
  [1m[36mQuote Destroy (1.1ms)[0m  [1m[31mDELETE FROM "quotes" WHERE "quotes"."id" = $1[0m  [["id", 4]]
  ↳ db/seeds.rb:41
  [1m[35m (1.4ms)[0m  [1m[35mCOMMIT[0m
  ↳ db/seeds.rb:41
  [1m[35m (0.4ms)[0m  [1m[35mBEGIN[0m
  ↳ db/seeds.rb:42
  [1m[36mStory Load (0.4ms)[0m  [1m[34mSELECT  "stories".* FROM "stories" WHERE "stories"."id" = $1 LIMIT $2[0m  [["id", 1], ["LIMIT", 1]]
  ↳ db/seeds.rb:42
  [1m[36mQuote Create (0.7ms)[0m  [1m[32mINSERT INTO "quotes" ("quote", "character", "sequence", "story_id", "created_at", "updated_at") VALUES ($1, $2, $3, $4, $5, $6) RETURNING "id"[0m  [["quote", "The best of friends stood on a street corner."], ["character", "narrator"], ["sequence", 1], ["story_id", 1], ["created_at", "2018-05-03 14:25:12.303197"], ["updated_at", "2018-05-03 14:25:12.303197"]]
  ↳ db/seeds.rb:42
  [1m[35m (6.4ms)[0m  [1m[35mCOMMIT[0m
  ↳ db/seeds.rb:42
  [1m[35m (0.3ms)[0m  [1m[35mBEGIN[0m
  ↳ db/seeds.rb:42
  [1m[36mStory Load (0.4ms)[0m  [1m[34mSELECT  "stories".* FROM "stories" WHERE "stories"."id" = $1 LIMIT $2[0m  [["id", 1], ["LIMIT", 1]]
  ↳ db/seeds.rb:42
  [1m[36mQuote Create (5.8ms)[0m  [1m[32mINSERT INTO "quotes" ("quote", "character", "sequence", "story_id", "created_at", "updated_at") VALUES ($1, $2, $3, $4, $5, $6) RETURNING "id"[0m  [["quote", "See you later, Jim"], ["character", "Tim"], ["sequence", 2], ["story_id", 1], ["created_at", "2018-05-03 14:25:12.315628"], ["updated_at", "2018-05-03 14:25:12.315628"]]
  ↳ db/seeds.rb:42
  [1m[35m (1.5ms)[0m  [1m[35mCOMMIT[0m
  ↳ db/seeds.rb:42
  [1m[35m (0.3ms)[0m  [1m[35mBEGIN[0m
  ↳ db/seeds.rb:42
  [1m[36mStory Load (0.4ms)[0m  [1m[34mSELECT  "stories".* FROM "stories" WHERE "stories"."id" = $1 LIMIT $2[0m  [["id", 1], ["LIMIT", 1]]
  ↳ db/seeds.rb:42
  [1m[36mQuote Create (0.6ms)[0m  [1m[32mINSERT INTO "quotes" ("quote", "character", "sequence", "story_id", "created_at", "updated_at") VALUES ($1, $2, $3, $4, $5, $6) RETURNING "id"[0m  [["quote", "Bye Tim.See you tomorrow."], ["character", "Jim"], ["sequence", 3], ["story_id", 1], ["created_at", "2018-05-03 14:25:12.328023"], ["updated_at", "2018-05-03 14:25:12.328023"]]
  ↳ db/seeds.rb:42
  [1m[35m (1.5ms)[0m  [1m[35mCOMMIT[0m
  ↳ db/seeds.rb:42
  [1m[35m (0.3ms)[0m  [1m[35mBEGIN[0m
  ↳ db/seeds.rb:42
  [1m[36mStory Load (0.4ms)[0m  [1m[34mSELECT  "stories".* FROM "stories" WHERE "stories"."id" = $1 LIMIT $2[0m  [["id", 1], ["LIMIT", 1]]
  ↳ db/seeds.rb:42
  [1m[36mQuote Create (0.7ms)[0m  [1m[32mINSERT INTO "quotes" ("quote", "character", "sequence", "story_id", "created_at", "updated_at") VALUES ($1, $2, $3, $4, $5, $6) RETURNING "id"[0m  [["quote", "They never met again."], ["character", "narrator"], ["sequence", 4], ["story_id", 1], ["created_at", "2018-05-03 14:25:12.335188"], ["updated_at", "2018-05-03 14:25:12.335188"]]
  ↳ db/seeds.rb:42
  [1m[35m (1.7ms)[0m  [1m[35mCOMMIT[0m
  ↳ db/seeds.rb:42
  [1m[35m (0.4ms)[0m  [1m[35mBEGIN[0m
  ↳ db/seeds.rb:42
  [1m[36mStory Load (0.6ms)[0m  [1m[34mSELECT  "stories".* FROM "stories" WHERE "stories"."id" = $1 LIMIT $2[0m  [["id", 2], ["LIMIT", 1]]
  ↳ db/seeds.rb:42
  [1m[36mQuote Create (0.6ms)[0m  [1m[32mINSERT INTO "quotes" ("quote", "character", "sequence", "story_id", "created_at", "updated_at") VALUES ($1, $2, $3, $4, $5, $6) RETURNING "id"[0m  [["quote", "This cigarette is definitively sobering me up. I feel so much better now."], ["character", "He"], ["sequence", 1], ["story_id", 2], ["created_at", "2018-05-03 14:25:12.342774"], ["updated_at", "2018-05-03 14:25:12.342774"]]
  ↳ db/seeds.rb:42
  [1m[35m (1.5ms)[0m  [1m[35mCOMMIT[0m
  ↳ db/seeds.rb:42
  [1m[35m (0.3ms)[0m  [1m[35mBEGIN[0m
  ↳ db/seeds.rb:42
  [1m[36mStory Load (0.6ms)[0m  [1m[34mSELECT  "stories".* FROM "stories" WHERE "stories"."id" = $1 LIMIT $2[0m  [["id", 2], ["LIMIT", 1]]
  ↳ db/seeds.rb:42
  [1m[36mQuote Create (0.6ms)[0m  [1m[32mINSERT INTO "quotes" ("quote", "character", "sequence", "story_id", "created_at", "updated_at") VALUES ($1, $2, $3, $4, $5, $6) RETURNING "id"[0m  [["quote", " He took another pull, but as he put his cigarette to his lips, he started coughing as he tasted a disgusting burning sensation and realized he had inhaled the lit part of the cigarette. Too traumatized to take another pull, he threw it away, and began to walk across the sidewalk back into the bar from which he came.\n  A few people ahead of him opened the bar entrance, and the bouncer stepped in front of them."], ["character", "narrator"], ["sequence", 2], ["story_id", 2], ["created_at", "2018-05-03 14:25:12.350605"], ["updated_at", "2018-05-03 14:25:12.350605"]]
  ↳ db/seeds.rb:42
  [1m[35m (1.5ms)[0m  [1m[35mCOMMIT[0m
  ↳ db/seeds.rb:42
  [1m[35m (0.3ms)[0m  [1m[35mBEGIN[0m
  ↳ db/seeds.rb:42
  [1m[36mStory Load (0.3ms)[0m  [1m[34mSELECT  "stories".* FROM "stories" WHERE "stories"."id" = $1 LIMIT $2[0m  [["id", 2], ["LIMIT", 1]]
  ↳ db/seeds.rb:42
  [1m[36mQuote Create (0.6ms)[0m  [1m[32mINSERT INTO "quotes" ("quote", "character", "sequence", "story_id", "created_at", "updated_at") VALUES ($1, $2, $3, $4, $5, $6) RETURNING "id"[0m  [["quote", "I.D."], ["character", "The Bouncer"], ["sequence", 3], ["story_id", 2], ["created_at", "2018-05-03 14:25:12.357722"], ["updated_at", "2018-05-03 14:25:12.357722"]]
  ↳ db/seeds.rb:42
  [1m[35m (1.6ms)[0m  [1m[35mCOMMIT[0m
  ↳ db/seeds.rb:42
  [1m[35m (0.3ms)[0m  [1m[35mBEGIN[0m
  ↳ db/seeds.rb:42
  [1m[36mStory Load (0.3ms)[0m  [1m[34mSELECT  "stories".* FROM "stories" WHERE "stories"."id" = $1 LIMIT $2[0m  [["id", 2], ["LIMIT", 1]]
  ↳ db/seeds.rb:42
  [1m[36mQuote Create (0.6ms)[0m  [1m[32mINSERT INTO "quotes" ("quote", "character", "sequence", "story_id", "created_at", "updated_at") VALUES ($1, $2, $3, $4, $5, $6) RETURNING "id"[0m  [["quote", "They rummaged through their purses and wallets and presented a piece of plastic. The bouncer checked each one, nodded and let them all through, one by one, recycling the ID back to them. He was trying to walk in after them, but the bouncer stepped in front of him, too."], ["character", "narrator"], ["sequence", 4], ["story_id", 2], ["created_at", "2018-05-03 14:25:12.364782"], ["updated_at", "2018-05-03 14:25:12.364782"]]
  ↳ db/seeds.rb:42
  [1m[35m (1.5ms)[0m  [1m[35mCOMMIT[0m
  ↳ db/seeds.rb:42
  [1m[35m (0.3ms)[0m  [1m[35mBEGIN[0m
  ↳ db/seeds.rb:42
  [1m[36mStory Load (0.3ms)[0m  [1m[34mSELECT  "stories".* FROM "stories" WHERE "stories"."id" = $1 LIMIT $2[0m  [["id", 2], ["LIMIT", 1]]
  ↳ db/seeds.rb:42
  [1m[36mQuote Create (0.6ms)[0m  [1m[32mINSERT INTO "quotes" ("quote", "character", "sequence", "story_id", "created_at", "updated_at") VALUES ($1, $2, $3, $4, $5, $6) RETURNING "id"[0m  [["quote", "Sir. You already checked my ID. I was already in there."], ["character", "He"], ["sequence", 5], ["story_id", 2], ["created_at", "2018-05-03 14:25:12.372042"], ["updated_at", "2018-05-03 14:25:12.372042"]]
  ↳ db/seeds.rb:42
  [1m[35m (1.5ms)[0m  [1m[35mCOMMIT[0m
  ↳ db/seeds.rb:42
  [1m[35m (0.3ms)[0m  [1m[35mBEGIN[0m
  ↳ db/seeds.rb:42
  [1m[36mStory Load (0.4ms)[0m  [1m[34mSELECT  "stories".* FROM "stories" WHERE "stories"."id" = $1 LIMIT $2[0m  [["id", 2], ["LIMIT", 1]]
  ↳ db/seeds.rb:42
  [1m[36mQuote Create (0.6ms)[0m  [1m[32mINSERT INTO "quotes" ("quote", "character", "sequence", "story_id", "created_at", "updated_at") VALUES ($1, $2, $3, $4, $5, $6) RETURNING "id"[0m  [["quote", "Ohh.. I know."], ["character", "The Bouncer"], ["sequence", 6], ["story_id", 2], ["created_at", "2018-05-03 14:25:12.378952"], ["updated_at", "2018-05-03 14:25:12.378952"]]
  ↳ db/seeds.rb:42
  [1m[35m (1.6ms)[0m  [1m[35mCOMMIT[0m
  ↳ db/seeds.rb:42
  [1m[35m (0.6ms)[0m  [1m[34mSELECT COUNT(*) FROM "quotes"[0m
  ↳ db/seeds.rb:120
  [1m[35m (0.6ms)[0m  [1m[34mSELECT "schema_migrations"."version" FROM "schema_migrations" ORDER BY "schema_migrations"."version" ASC[0m
  ↳ bin/rails:4
  [1m[35m (0.7ms)[0m  [1m[34mSELECT "ar_internal_metadata"."value" FROM "ar_internal_metadata" WHERE "ar_internal_metadata"."key" = $1[0m  [["key", "environment"]]
  ↳ bin/rails:4
  [1m[35m (0.2ms)[0m  [1m[34mSELECT "schema_migrations"."version" FROM "schema_migrations" ORDER BY "schema_migrations"."version" ASC[0m
  ↳ bin/rails:4
  [1m[35m (0.2ms)[0m  [1m[34mSELECT "ar_internal_metadata"."value" FROM "ar_internal_metadata" WHERE "ar_internal_metadata"."key" = $1[0m  [["key", "environment"]]
  ↳ bin/rails:4
  [1m[35m (0.2ms)[0m  [1m[34mSELECT "schema_migrations"."version" FROM "schema_migrations" ORDER BY "schema_migrations"."version" ASC[0m
  ↳ bin/rails:4
  [1m[35m (0.2ms)[0m  [1m[34mSELECT "ar_internal_metadata"."value" FROM "ar_internal_metadata" WHERE "ar_internal_metadata"."key" = $1[0m  [["key", "environment"]]
  ↳ bin/rails:4
  [1m[35m (250.6ms)[0m  [1m[35mDROP DATABASE IF EXISTS "stories_rails_api_development"[0m
  ↳ bin/rails:4
  [1m[35m (240.1ms)[0m  [1m[35mDROP DATABASE IF EXISTS "stories_rails_api_test"[0m
  ↳ bin/rails:4
  [1m[35m (520.2ms)[0m  [1m[35mCREATE DATABASE "stories_rails_api_development" ENCODING = 'unicode'[0m
  ↳ bin/rails:4
  [1m[35m (564.4ms)[0m  [1m[35mCREATE DATABASE "stories_rails_api_test" ENCODING = 'unicode'[0m
  ↳ bin/rails:4
  [1m[35m (9.7ms)[0m  [1m[35mCREATE TABLE "schema_migrations" ("version" character varying NOT NULL PRIMARY KEY)[0m
  ↳ bin/rails:4
  [1m[35m (6.9ms)[0m  [1m[35mCREATE TABLE "ar_internal_metadata" ("key" character varying NOT NULL PRIMARY KEY, "value" character varying, "created_at" timestamp NOT NULL, "updated_at" timestamp NOT NULL)[0m
  ↳ bin/rails:4
  [1m[35m (0.3ms)[0m  [1m[34mSELECT pg_try_advisory_lock(4885374938465026635)[0m
  ↳ bin/rails:4
  [1m[35m (0.6ms)[0m  [1m[34mSELECT "schema_migrations"."version" FROM "schema_migrations" ORDER BY "schema_migrations"."version" ASC[0m
  ↳ bin/rails:4
Migrating to CreateStories (20180502150925)
  [1m[35m (0.2ms)[0m  [1m[35mBEGIN[0m
  ↳ bin/rails:4
  [1m[35m (23.6ms)[0m  [1m[35mCREATE TABLE "stories" ("id" bigserial primary key, "name" character varying, "created_at" timestamp NOT NULL, "updated_at" timestamp NOT NULL)[0m
  ↳ db/migrate/20180502150925_create_stories.rb:3
  [1m[36mActiveRecord::SchemaMigration Create (1.0ms)[0m  [1m[32mINSERT INTO "schema_migrations" ("version") VALUES ($1) RETURNING "version"[0m  [["version", "20180502150925"]]
  ↳ bin/rails:4
  [1m[35m (1.8ms)[0m  [1m[35mCOMMIT[0m
  ↳ bin/rails:4
Migrating to CreateQuotes (20180502151044)
  [1m[35m (6.3ms)[0m  [1m[35mBEGIN[0m
  ↳ bin/rails:4
  [1m[35m (15.1ms)[0m  [1m[35mCREATE TABLE "quotes" ("id" bigserial primary key, "quote" text, "character" character varying, "sequence" integer, "story_id" bigint, "created_at" timestamp NOT NULL, "updated_at" timestamp NOT NULL)[0m
  ↳ db/migrate/20180502151044_create_quotes.rb:3
  [1m[35m (2.1ms)[0m  [1m[35mCREATE  INDEX  "index_quotes_on_story_id" ON "quotes"  ("story_id")[0m
  ↳ db/migrate/20180502151044_create_quotes.rb:3
  [1m[36mActiveRecord::SchemaMigration Create (0.3ms)[0m  [1m[32mINSERT INTO "schema_migrations" ("version") VALUES ($1) RETURNING "version"[0m  [["version", "20180502151044"]]
  ↳ bin/rails:4
  [1m[35m (1.3ms)[0m  [1m[35mCOMMIT[0m
  ↳ bin/rails:4
  [1m[36mActiveRecord::InternalMetadata Load (0.4ms)[0m  [1m[34mSELECT  "ar_internal_metadata".* FROM "ar_internal_metadata" WHERE "ar_internal_metadata"."key" = $1 LIMIT $2[0m  [["key", "environment"], ["LIMIT", 1]]
  ↳ bin/rails:4
  [1m[35m (0.2ms)[0m  [1m[35mBEGIN[0m
  ↳ bin/rails:4
  [1m[36mActiveRecord::InternalMetadata Create (0.5ms)[0m  [1m[32mINSERT INTO "ar_internal_metadata" ("key", "value", "created_at", "updated_at") VALUES ($1, $2, $3, $4) RETURNING "key"[0m  [["key", "environment"], ["value", "development"], ["created_at", "2018-05-03 14:26:21.967826"], ["updated_at", "2018-05-03 14:26:21.967826"]]
  ↳ bin/rails:4
  [1m[35m (1.3ms)[0m  [1m[35mCOMMIT[0m
  ↳ bin/rails:4
  [1m[35m (0.3ms)[0m  [1m[34mSELECT pg_advisory_unlock(4885374938465026635)[0m
  ↳ bin/rails:4
  [1m[35m (0.4ms)[0m  [1m[34mSELECT "schema_migrations"."version" FROM "schema_migrations" ORDER BY "schema_migrations"."version" ASC[0m
  ↳ bin/rails:4
  [1m[35m (0.9ms)[0m  [1m[34mSELECT "schema_migrations"."version" FROM "schema_migrations" ORDER BY "schema_migrations"."version" ASC[0m
  ↳ bin/rails:4
  [1m[35m (0.2ms)[0m  [1m[35mBEGIN[0m
  ↳ db/seeds.rb:26
  [1m[36mStory Create (0.9ms)[0m  [1m[32mINSERT INTO "stories" ("name", "created_at", "updated_at") VALUES ($1, $2, $3) RETURNING "id"[0m  [["name", "Sad Story"], ["created_at", "2018-05-03 14:26:31.781226"], ["updated_at", "2018-05-03 14:26:31.781226"]]
  ↳ db/seeds.rb:26
  [1m[35m (1.2ms)[0m  [1m[35mCOMMIT[0m
  ↳ db/seeds.rb:26
  [1m[35m (0.1ms)[0m  [1m[35mBEGIN[0m
  ↳ db/seeds.rb:26
  [1m[36mStory Create (0.4ms)[0m  [1m[32mINSERT INTO "stories" ("name", "created_at", "updated_at") VALUES ($1, $2, $3) RETURNING "id"[0m  [["name", "Funny Story"], ["created_at", "2018-05-03 14:26:31.785731"], ["updated_at", "2018-05-03 14:26:31.785731"]]
  ↳ db/seeds.rb:26
  [1m[35m (1.3ms)[0m  [1m[35mCOMMIT[0m
  ↳ db/seeds.rb:26
  [1m[35m (0.5ms)[0m  [1m[34mSELECT COUNT(*) FROM "stories"[0m
  ↳ db/seeds.rb:30
  [1m[36mQuote Load (0.7ms)[0m  [1m[34mSELECT "quotes".* FROM "quotes"[0m
  ↳ db/seeds.rb:41
  [1m[35m (0.2ms)[0m  [1m[35mBEGIN[0m
  ↳ db/seeds.rb:42
  [1m[36mStory Load (0.3ms)[0m  [1m[34mSELECT  "stories".* FROM "stories" WHERE "stories"."id" = $1 LIMIT $2[0m  [["id", 1], ["LIMIT", 1]]
  ↳ db/seeds.rb:42
  [1m[36mQuote Create (0.6ms)[0m  [1m[32mINSERT INTO "quotes" ("quote", "character", "sequence", "story_id", "created_at", "updated_at") VALUES ($1, $2, $3, $4, $5, $6) RETURNING "id"[0m  [["quote", "The best of friends stood on a street corner."], ["character", "narrator"], ["sequence", 1], ["story_id", 1], ["created_at", "2018-05-03 14:26:31.808673"], ["updated_at", "2018-05-03 14:26:31.808673"]]
  ↳ db/seeds.rb:42
  [1m[35m (1.2ms)[0m  [1m[35mCOMMIT[0m
  ↳ db/seeds.rb:42
  [1m[35m (0.2ms)[0m  [1m[35mBEGIN[0m
  ↳ db/seeds.rb:42
  [1m[36mStory Load (0.3ms)[0m  [1m[34mSELECT  "stories".* FROM "stories" WHERE "stories"."id" = $1 LIMIT $2[0m  [["id", 1], ["LIMIT", 1]]
  ↳ db/seeds.rb:42
  [1m[36mQuote Create (0.4ms)[0m  [1m[32mINSERT INTO "quotes" ("quote", "character", "sequence", "story_id", "created_at", "updated_at") VALUES ($1, $2, $3, $4, $5, $6) RETURNING "id"[0m  [["quote", "See you later, Jim"], ["character", "Tim"], ["sequence", 2], ["story_id", 1], ["created_at", "2018-05-03 14:26:31.813573"], ["updated_at", "2018-05-03 14:26:31.813573"]]
  ↳ db/seeds.rb:42
  [1m[35m (1.3ms)[0m  [1m[35mCOMMIT[0m
  ↳ db/seeds.rb:42
  [1m[35m (0.2ms)[0m  [1m[35mBEGIN[0m
  ↳ db/seeds.rb:42
  [1m[36mStory Load (0.2ms)[0m  [1m[34mSELECT  "stories".* FROM "stories" WHERE "stories"."id" = $1 LIMIT $2[0m  [["id", 1], ["LIMIT", 1]]
  ↳ db/seeds.rb:42
  [1m[36mQuote Create (0.4ms)[0m  [1m[32mINSERT INTO "quotes" ("quote", "character", "sequence", "story_id", "created_at", "updated_at") VALUES ($1, $2, $3, $4, $5, $6) RETURNING "id"[0m  [["quote", "Bye Tim.See you tomorrow."], ["character", "Jim"], ["sequence", 3], ["story_id", 1], ["created_at", "2018-05-03 14:26:31.818076"], ["updated_at", "2018-05-03 14:26:31.818076"]]
  ↳ db/seeds.rb:42
  [1m[35m (1.2ms)[0m  [1m[35mCOMMIT[0m
  ↳ db/seeds.rb:42
  [1m[35m (0.2ms)[0m  [1m[35mBEGIN[0m
  ↳ db/seeds.rb:42
  [1m[36mStory Load (0.2ms)[0m  [1m[34mSELECT  "stories".* FROM "stories" WHERE "stories"."id" = $1 LIMIT $2[0m  [["id", 1], ["LIMIT", 1]]
  ↳ db/seeds.rb:42
  [1m[36mQuote Create (0.3ms)[0m  [1m[32mINSERT INTO "quotes" ("quote", "character", "sequence", "story_id", "created_at", "updated_at") VALUES ($1, $2, $3, $4, $5, $6) RETURNING "id"[0m  [["quote", "They never met again."], ["character", "narrator"], ["sequence", 4], ["story_id", 1], ["created_at", "2018-05-03 14:26:31.822630"], ["updated_at", "2018-05-03 14:26:31.822630"]]
  ↳ db/seeds.rb:42
  [1m[35m (1.4ms)[0m  [1m[35mCOMMIT[0m
  ↳ db/seeds.rb:42
  [1m[35m (0.1ms)[0m  [1m[35mBEGIN[0m
  ↳ db/seeds.rb:42
  [1m[36mStory Load (0.3ms)[0m  [1m[34mSELECT  "stories".* FROM "stories" WHERE "stories"."id" = $1 LIMIT $2[0m  [["id", 2], ["LIMIT", 1]]
  ↳ db/seeds.rb:42
  [1m[36mQuote Create (0.4ms)[0m  [1m[32mINSERT INTO "quotes" ("quote", "character", "sequence", "story_id", "created_at", "updated_at") VALUES ($1, $2, $3, $4, $5, $6) RETURNING "id"[0m  [["quote", "This cigarette is definitively sobering me up. I feel so much better now."], ["character", "He"], ["sequence", 1], ["story_id", 2], ["created_at", "2018-05-03 14:26:31.827258"], ["updated_at", "2018-05-03 14:26:31.827258"]]
  ↳ db/seeds.rb:42
  [1m[35m (1.1ms)[0m  [1m[35mCOMMIT[0m
  ↳ db/seeds.rb:42
  [1m[35m (0.1ms)[0m  [1m[35mBEGIN[0m
  ↳ db/seeds.rb:42
  [1m[36mStory Load (0.3ms)[0m  [1m[34mSELECT  "stories".* FROM "stories" WHERE "stories"."id" = $1 LIMIT $2[0m  [["id", 2], ["LIMIT", 1]]
  ↳ db/seeds.rb:42
  [1m[36mQuote Create (0.4ms)[0m  [1m[32mINSERT INTO "quotes" ("quote", "character", "sequence", "story_id", "created_at", "updated_at") VALUES ($1, $2, $3, $4, $5, $6) RETURNING "id"[0m  [["quote", " He took another pull, but as he put his cigarette to his lips, he started coughing as he tasted a disgusting burning sensation and realized he had inhaled the lit part of the cigarette. Too traumatized to take another pull, he threw it away, and began to walk across the sidewalk back into the bar from which he came.\n  A few people ahead of him opened the bar entrance, and the bouncer stepped in front of them."], ["character", "narrator"], ["sequence", 2], ["story_id", 2], ["created_at", "2018-05-03 14:26:31.831809"], ["updated_at", "2018-05-03 14:26:31.831809"]]
  ↳ db/seeds.rb:42
  [1m[35m (1.3ms)[0m  [1m[35mCOMMIT[0m
  ↳ db/seeds.rb:42
  [1m[35m (0.2ms)[0m  [1m[35mBEGIN[0m
  ↳ db/seeds.rb:42
  [1m[36mStory Load (0.2ms)[0m  [1m[34mSELECT  "stories".* FROM "stories" WHERE "stories"."id" = $1 LIMIT $2[0m  [["id", 2], ["LIMIT", 1]]
  ↳ db/seeds.rb:42
  [1m[36mQuote Create (0.4ms)[0m  [1m[32mINSERT INTO "quotes" ("quote", "character", "sequence", "story_id", "created_at", "updated_at") VALUES ($1, $2, $3, $4, $5, $6) RETURNING "id"[0m  [["quote", "I.D."], ["character", "The Bouncer"], ["sequence", 3], ["story_id", 2], ["created_at", "2018-05-03 14:26:31.837015"], ["updated_at", "2018-05-03 14:26:31.837015"]]
  ↳ db/seeds.rb:42
  [1m[35m (1.3ms)[0m  [1m[35mCOMMIT[0m
  ↳ db/seeds.rb:42
  [1m[35m (0.2ms)[0m  [1m[35mBEGIN[0m
  ↳ db/seeds.rb:42
  [1m[36mStory Load (0.2ms)[0m  [1m[34mSELECT  "stories".* FROM "stories" WHERE "stories"."id" = $1 LIMIT $2[0m  [["id", 2], ["LIMIT", 1]]
  ↳ db/seeds.rb:42
  [1m[36mQuote Create (0.3ms)[0m  [1m[32mINSERT INTO "quotes" ("quote", "character", "sequence", "story_id", "created_at", "updated_at") VALUES ($1, $2, $3, $4, $5, $6) RETURNING "id"[0m  [["quote", "They rummaged through their purses and wallets and presented a piece of plastic. The bouncer checked each one, nodded and let them all through, one by one, recycling the ID back to them. He was trying to walk in after them, but the bouncer stepped in front of him, too."], ["character", "narrator"], ["sequence", 4], ["story_id", 2], ["created_at", "2018-05-03 14:26:31.841379"], ["updated_at", "2018-05-03 14:26:31.841379"]]
  ↳ db/seeds.rb:42
  [1m[35m (1.2ms)[0m  [1m[35mCOMMIT[0m
  ↳ db/seeds.rb:42
  [1m[35m (0.2ms)[0m  [1m[35mBEGIN[0m
  ↳ db/seeds.rb:42
  [1m[36mStory Load (0.3ms)[0m  [1m[34mSELECT  "stories".* FROM "stories" WHERE "stories"."id" = $1 LIMIT $2[0m  [["id", 2], ["LIMIT", 1]]
  ↳ db/seeds.rb:42
  [1m[36mQuote Create (0.3ms)[0m  [1m[32mINSERT INTO "quotes" ("quote", "character", "sequence", "story_id", "created_at", "updated_at") VALUES ($1, $2, $3, $4, $5, $6) RETURNING "id"[0m  [["quote", "Sir. You already checked my ID. I was already in there."], ["character", "He"], ["sequence", 5], ["story_id", 2], ["created_at", "2018-05-03 14:26:31.845657"], ["updated_at", "2018-05-03 14:26:31.845657"]]
  ↳ db/seeds.rb:42
  [1m[35m (1.3ms)[0m  [1m[35mCOMMIT[0m
  ↳ db/seeds.rb:42
  [1m[35m (0.2ms)[0m  [1m[35mBEGIN[0m
  ↳ db/seeds.rb:42
  [1m[36mStory Load (0.2ms)[0m  [1m[34mSELECT  "stories".* FROM "stories" WHERE "stories"."id" = $1 LIMIT $2[0m  [["id", 2], ["LIMIT", 1]]
  ↳ db/seeds.rb:42
  [1m[36mQuote Create (0.3ms)[0m  [1m[32mINSERT INTO "quotes" ("quote", "character", "sequence", "story_id", "created_at", "updated_at") VALUES ($1, $2, $3, $4, $5, $6) RETURNING "id"[0m  [["quote", "Ohh.. I know."], ["character", "The Bouncer"], ["sequence", 6], ["story_id", 2], ["created_at", "2018-05-03 14:26:31.851042"], ["updated_at", "2018-05-03 14:26:31.851042"]]
  ↳ db/seeds.rb:42
  [1m[35m (1.5ms)[0m  [1m[35mCOMMIT[0m
  ↳ db/seeds.rb:42
  [1m[35m (0.4ms)[0m  [1m[34mSELECT COUNT(*) FROM "quotes"[0m
  ↳ db/seeds.rb:120
